<?xml version="1.0" encoding="UTF-8"?>
<testsuite name="org.jayhenri.ecommerce.controller.customerRegistration.CustomerRegistrationWebMvcTest" tests="4" skipped="1" failures="0" errors="0" timestamp="2021-07-28T01:40:27" hostname="kde-neon" time="0.038">
  <properties/>
  <testcase name="registerThrowsInvalidPostalCodeException()" classname="org.jayhenri.ecommerce.controller.customerRegistration.CustomerRegistrationWebMvcTest" time="0.022"/>
  <testcase name="register()" classname="org.jayhenri.ecommerce.controller.customerRegistration.CustomerRegistrationWebMvcTest" time="0.0">
    <skipped/>
  </testcase>
  <testcase name="registerThrowsCustomerAlreadyExistsException()" classname="org.jayhenri.ecommerce.controller.customerRegistration.CustomerRegistrationWebMvcTest" time="0.008"/>
  <testcase name="registerThrowsInvalidCustomerException()" classname="org.jayhenri.ecommerce.controller.customerRegistration.CustomerRegistrationWebMvcTest" time="0.005"/>
  <system-out><![CDATA[2021-07-27 21:40:26.741  INFO 20351 --- [    Test worker] .b.t.a.w.s.WebMvcTestContextBootstrapper : Neither @ContextConfiguration nor @ContextHierarchy found for test class [org.jayhenri.ecommerce.controller.customerRegistration.CustomerRegistrationWebMvcTest], using SpringBootContextLoader
2021-07-27 21:40:26.742  INFO 20351 --- [    Test worker] o.s.t.c.support.AbstractContextLoader    : Could not detect default resource locations for test class [org.jayhenri.ecommerce.controller.customerRegistration.CustomerRegistrationWebMvcTest]: no resource found for suffixes {-context.xml, Context.groovy}.
2021-07-27 21:40:26.742  INFO 20351 --- [    Test worker] t.c.s.AnnotationConfigContextLoaderUtils : Could not detect default configuration classes for test class [org.jayhenri.ecommerce.controller.customerRegistration.CustomerRegistrationWebMvcTest]: CustomerRegistrationWebMvcTest does not declare any static, non-private, non-final, nested classes annotated with @Configuration.
2021-07-27 21:40:26.749  INFO 20351 --- [    Test worker] .b.t.c.SpringBootTestContextBootstrapper : Found @SpringBootConfiguration org.jayhenri.ecommerce.EcommerceApplication for test class org.jayhenri.ecommerce.controller.customerRegistration.CustomerRegistrationWebMvcTest
2021-07-27 21:40:26.750  INFO 20351 --- [    Test worker] .b.t.a.w.s.WebMvcTestContextBootstrapper : Loaded default TestExecutionListener class names from location [META-INF/spring.factories]: [org.springframework.security.test.context.support.WithSecurityContextTestExecutionListener, org.springframework.security.test.context.support.ReactorContextTestExecutionListener, org.springframework.boot.test.autoconfigure.restdocs.RestDocsTestExecutionListener, org.springframework.boot.test.autoconfigure.web.client.MockRestServiceServerResetTestExecutionListener, org.springframework.boot.test.autoconfigure.web.servlet.MockMvcPrintOnlyOnFailureTestExecutionListener, org.springframework.boot.test.autoconfigure.web.servlet.WebDriverTestExecutionListener, org.springframework.boot.test.autoconfigure.webservices.client.MockWebServiceServerTestExecutionListener, org.springframework.boot.test.mock.mockito.MockitoTestExecutionListener, org.springframework.boot.test.mock.mockito.ResetMocksTestExecutionListener, org.springframework.test.context.web.ServletTestExecutionListener, org.springframework.test.context.support.DirtiesContextBeforeModesTestExecutionListener, org.springframework.test.context.event.ApplicationEventsTestExecutionListener, org.springframework.test.context.support.DependencyInjectionTestExecutionListener, org.springframework.test.context.support.DirtiesContextTestExecutionListener, org.springframework.test.context.transaction.TransactionalTestExecutionListener, org.springframework.test.context.jdbc.SqlScriptsTestExecutionListener, org.springframework.test.context.event.EventPublishingTestExecutionListener]
2021-07-27 21:40:26.750  INFO 20351 --- [    Test worker] .b.t.a.w.s.WebMvcTestContextBootstrapper : Using TestExecutionListeners: [org.springframework.test.context.web.ServletTestExecutionListener@10827ee, org.springframework.test.context.support.DirtiesContextBeforeModesTestExecutionListener@137b8947, org.springframework.test.context.event.ApplicationEventsTestExecutionListener@4160f5dc, org.springframework.boot.test.mock.mockito.MockitoTestExecutionListener@13f8f5c8, org.springframework.boot.test.autoconfigure.SpringBootDependencyInjectionTestExecutionListener@538f970e, org.springframework.test.context.support.DirtiesContextTestExecutionListener@1cf11d89, org.springframework.test.context.transaction.TransactionalTestExecutionListener@5a79c5de, org.springframework.test.context.jdbc.SqlScriptsTestExecutionListener@efb2dec, org.springframework.security.test.context.support.WithSecurityContextTestExecutionListener@21e3ecda, org.springframework.test.context.event.EventPublishingTestExecutionListener@356ab03a, org.springframework.security.test.context.support.ReactorContextTestExecutionListener@21a9d47c, org.springframework.boot.test.autoconfigure.restdocs.RestDocsTestExecutionListener@766a19e8, org.springframework.boot.test.autoconfigure.web.client.MockRestServiceServerResetTestExecutionListener@4851bec3, org.springframework.boot.test.autoconfigure.web.servlet.MockMvcPrintOnlyOnFailureTestExecutionListener@28da3c93, org.springframework.boot.test.autoconfigure.web.servlet.WebDriverTestExecutionListener@473f07c0, org.springframework.boot.test.autoconfigure.webservices.client.MockWebServiceServerTestExecutionListener@613ce396, org.springframework.boot.test.mock.mockito.ResetMocksTestExecutionListener@245eeed4]

  .   ____          _            __ _ _
 /\\ / ___'_ __ _ _(_)_ __  __ _ \ \ \ \
( ( )\___ | '_ | '_| | '_ \/ _` | \ \ \ \
 \\/  ___)| |_)| | | | | || (_| |  ) ) ) )
  '  |____| .__|_| |_|_| |_\__, | / / / /
 =========|_|==============|___/=/_/_/_/
 :: Spring Boot ::                (v2.5.2)

2021-07-27 21:40:26.785  INFO 20351 --- [    Test worker] o.j.e.c.c.CustomerRegistrationWebMvcTest : Starting CustomerRegistrationWebMvcTest using Java 11.0.11 on kde-neon with PID 20351 (started by joshua in /home/joshua/Documents/ecommerce-backend)
2021-07-27 21:40:26.787  INFO 20351 --- [    Test worker] o.j.e.c.c.CustomerRegistrationWebMvcTest : No active profile set, falling back to default profiles: default
2021-07-27 21:40:27.187  INFO 20351 --- [    Test worker] o.s.b.t.m.w.SpringBootMockServletContext : Initializing Spring TestDispatcherServlet ''
2021-07-27 21:40:27.187  INFO 20351 --- [    Test worker] o.s.t.web.servlet.TestDispatcherServlet  : Initializing Servlet ''
2021-07-27 21:40:27.187  INFO 20351 --- [    Test worker] o.s.t.web.servlet.TestDispatcherServlet  : Completed initialization in 0 ms
2021-07-27 21:40:27.198  INFO 20351 --- [    Test worker] o.j.e.c.c.CustomerRegistrationWebMvcTest : Started CustomerRegistrationWebMvcTest in 0.444 seconds (JVM running for 3.906)
2021-07-27 21:40:27.237  WARN 20351 --- [    Test worker] .w.s.m.s.DefaultHandlerExceptionResolver : Resolved [org.springframework.http.converter.HttpMessageNotReadableException: Required request body is missing: public org.springframework.http.ResponseEntity<java.lang.String> org.jayhenri.ecommerce.controller.CustomerRegistrationController.register(org.jayhenri.ecommerce.model.Customer) throws org.jayhenri.ecommerce.exception.CustomerAlreadyExistsException,org.jayhenri.ecommerce.exception.InvalidPostalCodeException,org.jayhenri.ecommerce.exception.InvalidCustomerException]
]]></system-out>
  <system-err><![CDATA[]]></system-err>
</testsuite>
