<?xml version="1.0" encoding="UTF-8"?>
<testsuite name="org.jayhenri.ecommerce.service.CustomerRegistrationServiceTest" tests="7" skipped="0" failures="0" errors="0" timestamp="2021-07-16T22:14:29" hostname="WIN10-MAIN" time="0.446">
  <properties/>
  <testcase name="doesNotExistsByPhoneNumber()" classname="org.jayhenri.ecommerce.service.CustomerRegistrationServiceTest" time="0.437"/>
  <testcase name="testAdd()" classname="org.jayhenri.ecommerce.service.CustomerRegistrationServiceTest" time="0.002"/>
  <testcase name="existsByEmail()" classname="org.jayhenri.ecommerce.service.CustomerRegistrationServiceTest" time="0.001"/>
  <testcase name="isValidPostalCode()" classname="org.jayhenri.ecommerce.service.CustomerRegistrationServiceTest" time="0.001"/>
  <testcase name="isNotValidPostalCode()" classname="org.jayhenri.ecommerce.service.CustomerRegistrationServiceTest" time="0.001"/>
  <testcase name="existsByPhoneNumber()" classname="org.jayhenri.ecommerce.service.CustomerRegistrationServiceTest" time="0.001"/>
  <testcase name="doesNotExistsByEmail()" classname="org.jayhenri.ecommerce.service.CustomerRegistrationServiceTest" time="0.001"/>
  <system-out><![CDATA[]]></system-out>
  <system-err><![CDATA[]]></system-err>
</testsuite>
