<?xml version="1.0" encoding="UTF-8"?>
<testsuite name="org.jayhenri.ecommerce.service.CustomerRegistrationServiceTest" tests="1" skipped="0" failures="0" errors="0" timestamp="2021-07-14T18:27:22" hostname="kde-neon" time="0.354">
  <properties/>
  <testcase name="existsByEmail()" classname="org.jayhenri.ecommerce.service.CustomerRegistrationServiceTest" time="0.354"/>
  <system-out><![CDATA[]]></system-out>
  <system-err><![CDATA[]]></system-err>
</testsuite>
