<?xml version="1.0" encoding="UTF-8"?>
<testsuite name="org.jayhenri.ecommerce.controller.inventory.InventoryControllerUniTest" tests="12" skipped="0" failures="0" errors="0" timestamp="2021-07-21T20:25:44" hostname="kde-neon" time="0.158">
  <properties/>
  <testcase name="addItemThrowsItemAlreadyExistsException()" classname="org.jayhenri.ecommerce.controller.inventory.InventoryControllerUniTest" time="0.04"/>
  <testcase name="getByProductNameThrowsItemNotFoundException()" classname="org.jayhenri.ecommerce.controller.inventory.InventoryControllerUniTest" time="0.004"/>
  <testcase name="updateItemThrowsItemAlreadyExistsException()" classname="org.jayhenri.ecommerce.controller.inventory.InventoryControllerUniTest" time="0.005"/>
  <testcase name="getByProductName()" classname="org.jayhenri.ecommerce.controller.inventory.InventoryControllerUniTest" time="0.07"/>
  <testcase name="addItem()" classname="org.jayhenri.ecommerce.controller.inventory.InventoryControllerUniTest" time="0.005"/>
  <testcase name="removeItemThrowsItemNotFoundException()" classname="org.jayhenri.ecommerce.controller.inventory.InventoryControllerUniTest" time="0.004"/>
  <testcase name="updateItemThrowsInvalidItemException()" classname="org.jayhenri.ecommerce.controller.inventory.InventoryControllerUniTest" time="0.002"/>
  <testcase name="findAll()" classname="org.jayhenri.ecommerce.controller.inventory.InventoryControllerUniTest" time="0.002"/>
  <testcase name="updateItem()" classname="org.jayhenri.ecommerce.controller.inventory.InventoryControllerUniTest" time="0.003"/>
  <testcase name="removeItemThrowsInvalidItemException()" classname="org.jayhenri.ecommerce.controller.inventory.InventoryControllerUniTest" time="0.003"/>
  <testcase name="addItemThrowsInvalidItemException()" classname="org.jayhenri.ecommerce.controller.inventory.InventoryControllerUniTest" time="0.002"/>
  <testcase name="removeItem()" classname="org.jayhenri.ecommerce.controller.inventory.InventoryControllerUniTest" time="0.004"/>
  <system-out><![CDATA[]]></system-out>
  <system-err><![CDATA[]]></system-err>
</testsuite>
