<?xml version="1.0" encoding="UTF-8"?>
<testsuite name="org.jayhenri.ecommerce.controller.customer.CustomerControllerWebMvcTest" tests="29" skipped="2" failures="0" errors="0" timestamp="2021-07-28T01:40:27" hostname="kde-neon" time="0.217">
  <properties/>
  <testcase name="addCreditCardThrowsCustomerNotFoundException()" classname="org.jayhenri.ecommerce.controller.customer.CustomerControllerWebMvcTest" time="0.041"/>
  <testcase name="updateCustomerThrowsItemNotFoundException()" classname="org.jayhenri.ecommerce.controller.customer.CustomerControllerWebMvcTest" time="0.009"/>
  <testcase name="removeCreditCardThrowsCustomerNotFoundException()" classname="org.jayhenri.ecommerce.controller.customer.CustomerControllerWebMvcTest" time="0.007"/>
  <testcase name="getCartThrowsCustomerNotFoundException()" classname="org.jayhenri.ecommerce.controller.customer.CustomerControllerWebMvcTest" time="0.005"/>
  <testcase name="deleteCustomer()" classname="org.jayhenri.ecommerce.controller.customer.CustomerControllerWebMvcTest" time="0.02"/>
  <testcase name="emptyCart()" classname="org.jayhenri.ecommerce.controller.customer.CustomerControllerWebMvcTest" time="0.005"/>
  <testcase name="addToCartThrowsItemNotFoundException()" classname="org.jayhenri.ecommerce.controller.customer.CustomerControllerWebMvcTest" time="0.005"/>
  <testcase name="addOrder()" classname="org.jayhenri.ecommerce.controller.customer.CustomerControllerWebMvcTest" time="0.007"/>
  <testcase name="listCreditCardThrowsCustomerNotFoundException()" classname="org.jayhenri.ecommerce.controller.customer.CustomerControllerWebMvcTest" time="0.005"/>
  <testcase name="deleteCustomerThrowsCustomerNotFoundException()" classname="org.jayhenri.ecommerce.controller.customer.CustomerControllerWebMvcTest" time="0.004"/>
  <testcase name="removeFromCartThrowsItemNotFoundException()" classname="org.jayhenri.ecommerce.controller.customer.CustomerControllerWebMvcTest" time="0.004"/>
  <testcase name="updateOrder()" classname="org.jayhenri.ecommerce.controller.customer.CustomerControllerWebMvcTest" time="0.001">
    <skipped/>
  </testcase>
  <testcase name="addCreditCard()" classname="org.jayhenri.ecommerce.controller.customer.CustomerControllerWebMvcTest" time="0.006"/>
  <testcase name="addOrderThrowsCustomerNotFoundException()" classname="org.jayhenri.ecommerce.controller.customer.CustomerControllerWebMvcTest" time="0.005"/>
  <testcase name="getCart()" classname="org.jayhenri.ecommerce.controller.customer.CustomerControllerWebMvcTest" time="0.006"/>
  <testcase name="addToCart()" classname="org.jayhenri.ecommerce.controller.customer.CustomerControllerWebMvcTest" time="0.007"/>
  <testcase name="getByEmailThrowsCustomerNotFoundException()" classname="org.jayhenri.ecommerce.controller.customer.CustomerControllerWebMvcTest" time="0.004"/>
  <testcase name="listOrdersThrowsCustomerNotFoundException()" classname="org.jayhenri.ecommerce.controller.customer.CustomerControllerWebMvcTest" time="0.004"/>
  <testcase name="listOrders()" classname="org.jayhenri.ecommerce.controller.customer.CustomerControllerWebMvcTest" time="0.005"/>
  <testcase name="removeCreditCard()" classname="org.jayhenri.ecommerce.controller.customer.CustomerControllerWebMvcTest" time="0.004"/>
  <testcase name="removeFromCartThrowsCustomerNotFoundException()" classname="org.jayhenri.ecommerce.controller.customer.CustomerControllerWebMvcTest" time="0.003"/>
  <testcase name="listCustomers()" classname="org.jayhenri.ecommerce.controller.customer.CustomerControllerWebMvcTest" time="0.0">
    <skipped/>
  </testcase>
  <testcase name="getByEmail()" classname="org.jayhenri.ecommerce.controller.customer.CustomerControllerWebMvcTest" time="0.007"/>
  <testcase name="removeFromCart()" classname="org.jayhenri.ecommerce.controller.customer.CustomerControllerWebMvcTest" time="0.006"/>
  <testcase name="updateCustomer()" classname="org.jayhenri.ecommerce.controller.customer.CustomerControllerWebMvcTest" time="0.008"/>
  <testcase name="listCreditCard()" classname="org.jayhenri.ecommerce.controller.customer.CustomerControllerWebMvcTest" time="0.006"/>
  <testcase name="updateCustomerThrowsInvalidCustomerException()" classname="org.jayhenri.ecommerce.controller.customer.CustomerControllerWebMvcTest" time="0.004"/>
  <testcase name="emptyCartThrowsCustomerNotFoundException()" classname="org.jayhenri.ecommerce.controller.customer.CustomerControllerWebMvcTest" time="0.004"/>
  <testcase name="addToCartThrowsCustomerNotFoundException()" classname="org.jayhenri.ecommerce.controller.customer.CustomerControllerWebMvcTest" time="0.003"/>
  <system-out><![CDATA[2021-07-27 21:40:27.310  INFO 20351 --- [    Test worker] .b.t.a.w.s.WebMvcTestContextBootstrapper : Neither @ContextConfiguration nor @ContextHierarchy found for test class [org.jayhenri.ecommerce.controller.customer.CustomerControllerWebMvcTest], using SpringBootContextLoader
2021-07-27 21:40:27.312  INFO 20351 --- [    Test worker] o.s.t.c.support.AbstractContextLoader    : Could not detect default resource locations for test class [org.jayhenri.ecommerce.controller.customer.CustomerControllerWebMvcTest]: no resource found for suffixes {-context.xml, Context.groovy}.
2021-07-27 21:40:27.312  INFO 20351 --- [    Test worker] t.c.s.AnnotationConfigContextLoaderUtils : Could not detect default configuration classes for test class [org.jayhenri.ecommerce.controller.customer.CustomerControllerWebMvcTest]: CustomerControllerWebMvcTest does not declare any static, non-private, non-final, nested classes annotated with @Configuration.
2021-07-27 21:40:27.319  INFO 20351 --- [    Test worker] .b.t.c.SpringBootTestContextBootstrapper : Found @SpringBootConfiguration org.jayhenri.ecommerce.EcommerceApplication for test class org.jayhenri.ecommerce.controller.customer.CustomerControllerWebMvcTest
2021-07-27 21:40:27.320  INFO 20351 --- [    Test worker] .b.t.a.w.s.WebMvcTestContextBootstrapper : Loaded default TestExecutionListener class names from location [META-INF/spring.factories]: [org.springframework.security.test.context.support.WithSecurityContextTestExecutionListener, org.springframework.security.test.context.support.ReactorContextTestExecutionListener, org.springframework.boot.test.autoconfigure.restdocs.RestDocsTestExecutionListener, org.springframework.boot.test.autoconfigure.web.client.MockRestServiceServerResetTestExecutionListener, org.springframework.boot.test.autoconfigure.web.servlet.MockMvcPrintOnlyOnFailureTestExecutionListener, org.springframework.boot.test.autoconfigure.web.servlet.WebDriverTestExecutionListener, org.springframework.boot.test.autoconfigure.webservices.client.MockWebServiceServerTestExecutionListener, org.springframework.boot.test.mock.mockito.MockitoTestExecutionListener, org.springframework.boot.test.mock.mockito.ResetMocksTestExecutionListener, org.springframework.test.context.web.ServletTestExecutionListener, org.springframework.test.context.support.DirtiesContextBeforeModesTestExecutionListener, org.springframework.test.context.event.ApplicationEventsTestExecutionListener, org.springframework.test.context.support.DependencyInjectionTestExecutionListener, org.springframework.test.context.support.DirtiesContextTestExecutionListener, org.springframework.test.context.transaction.TransactionalTestExecutionListener, org.springframework.test.context.jdbc.SqlScriptsTestExecutionListener, org.springframework.test.context.event.EventPublishingTestExecutionListener]
2021-07-27 21:40:27.320  INFO 20351 --- [    Test worker] .b.t.a.w.s.WebMvcTestContextBootstrapper : Using TestExecutionListeners: [org.springframework.test.context.web.ServletTestExecutionListener@5436568c, org.springframework.test.context.support.DirtiesContextBeforeModesTestExecutionListener@56b1297f, org.springframework.test.context.event.ApplicationEventsTestExecutionListener@3c503fd5, org.springframework.boot.test.mock.mockito.MockitoTestExecutionListener@5e471a01, org.springframework.boot.test.autoconfigure.SpringBootDependencyInjectionTestExecutionListener@38a3b573, org.springframework.test.context.support.DirtiesContextTestExecutionListener@670689c9, org.springframework.test.context.transaction.TransactionalTestExecutionListener@5a15ac6b, org.springframework.test.context.jdbc.SqlScriptsTestExecutionListener@3c64223a, org.springframework.security.test.context.support.WithSecurityContextTestExecutionListener@19c910e8, org.springframework.test.context.event.EventPublishingTestExecutionListener@4a529ad9, org.springframework.security.test.context.support.ReactorContextTestExecutionListener@3dd3010c, org.springframework.boot.test.autoconfigure.restdocs.RestDocsTestExecutionListener@203b817e, org.springframework.boot.test.autoconfigure.web.client.MockRestServiceServerResetTestExecutionListener@71248bc1, org.springframework.boot.test.autoconfigure.web.servlet.MockMvcPrintOnlyOnFailureTestExecutionListener@2ffe436e, org.springframework.boot.test.autoconfigure.web.servlet.WebDriverTestExecutionListener@a80ecfc, org.springframework.boot.test.autoconfigure.webservices.client.MockWebServiceServerTestExecutionListener@76ccaca3, org.springframework.boot.test.mock.mockito.ResetMocksTestExecutionListener@23635b38]

  .   ____          _            __ _ _
 /\\ / ___'_ __ _ _(_)_ __  __ _ \ \ \ \
( ( )\___ | '_ | '_| | '_ \/ _` | \ \ \ \
 \\/  ___)| |_)| | | | | || (_| |  ) ) ) )
  '  |____| .__|_| |_|_| |_\__, | / / / /
 =========|_|==============|___/=/_/_/_/
 :: Spring Boot ::                (v2.5.2)

2021-07-27 21:40:27.341  INFO 20351 --- [    Test worker] o.j.e.c.c.CustomerControllerWebMvcTest   : Starting CustomerControllerWebMvcTest using Java 11.0.11 on kde-neon with PID 20351 (started by joshua in /home/joshua/Documents/ecommerce-backend)
2021-07-27 21:40:27.342  INFO 20351 --- [    Test worker] o.j.e.c.c.CustomerControllerWebMvcTest   : No active profile set, falling back to default profiles: default
2021-07-27 21:40:27.653  INFO 20351 --- [    Test worker] o.s.b.t.m.w.SpringBootMockServletContext : Initializing Spring TestDispatcherServlet ''
2021-07-27 21:40:27.653  INFO 20351 --- [    Test worker] o.s.t.web.servlet.TestDispatcherServlet  : Initializing Servlet ''
2021-07-27 21:40:27.654  INFO 20351 --- [    Test worker] o.s.t.web.servlet.TestDispatcherServlet  : Completed initialization in 1 ms
2021-07-27 21:40:27.663  INFO 20351 --- [    Test worker] o.j.e.c.c.CustomerControllerWebMvcTest   : Started CustomerControllerWebMvcTest in 0.34 seconds (JVM running for 4.37)
2021-07-27 21:40:27.872  WARN 20351 --- [    Test worker] .w.s.m.s.DefaultHandlerExceptionResolver : Resolved [org.springframework.http.converter.HttpMessageNotReadableException: Required request body is missing: public org.springframework.http.ResponseEntity<java.lang.String> org.jayhenri.ecommerce.controller.CustomerController.updateCustomer(org.jayhenri.ecommerce.model.Customer) throws org.jayhenri.ecommerce.exception.InvalidCustomerException,org.jayhenri.ecommerce.exception.CustomerNotFoundException]
]]></system-out>
  <system-err><![CDATA[]]></system-err>
</testsuite>
