<?xml version="1.0" encoding="UTF-8"?>
<testsuite name="org.jayhenri.cloud9.item.ItemControllerTest" tests="1" skipped="0" failures="0" errors="0" timestamp="2021-08-24T01:47:22" hostname="kde-laptop" time="0.428">
  <properties/>
  <testcase name="deleteItemThrowsItemNotFoundException()" classname="org.jayhenri.cloud9.item.ItemControllerTest" time="0.428"/>
  <system-out><![CDATA[]]></system-out>
  <system-err><![CDATA[]]></system-err>
</testsuite>
