<?xml version="1.0" encoding="UTF-8"?>
<testsuite name="org.jayhenri.cloud9.inventory.StoreInventoryControllerUniTest" tests="14" skipped="0" failures="0" errors="0" timestamp="2021-08-21T20:01:25" hostname="kde-laptop" time="0.023">
  <properties/>
  <testcase name="getByIdThrowsItemNotFoundException()" classname="org.jayhenri.cloud9.inventory.StoreInventoryControllerUniTest" time="0.002"/>
  <testcase name="addItemThrowsItemAlreadyExistsException()" classname="org.jayhenri.cloud9.inventory.StoreInventoryControllerUniTest" time="0.002"/>
  <testcase name="addItem()" classname="org.jayhenri.cloud9.inventory.StoreInventoryControllerUniTest" time="0.001"/>
  <testcase name="updateItemThrowsInvalidItemException()" classname="org.jayhenri.cloud9.inventory.StoreInventoryControllerUniTest" time="0.001"/>
  <testcase name="findAll()" classname="org.jayhenri.cloud9.inventory.StoreInventoryControllerUniTest" time="0.001"/>
  <testcase name="update()" classname="org.jayhenri.cloud9.inventory.StoreInventoryControllerUniTest" time="0.002"/>
  <testcase name="getByItemName()" classname="org.jayhenri.cloud9.inventory.StoreInventoryControllerUniTest" time="0.001"/>
  <testcase name="getById()" classname="org.jayhenri.cloud9.inventory.StoreInventoryControllerUniTest" time="0.001"/>
  <testcase name="removeInventory()" classname="org.jayhenri.cloud9.inventory.StoreInventoryControllerUniTest" time="0.001"/>
  <testcase name="updateItemThrowsItemNotFoundException()" classname="org.jayhenri.cloud9.inventory.StoreInventoryControllerUniTest" time="0.002"/>
  <testcase name="addItemThrowsInvalidItemException()" classname="org.jayhenri.cloud9.inventory.StoreInventoryControllerUniTest" time="0.001"/>
  <testcase name="removeInventoryThrowsItemNotFoundException()" classname="org.jayhenri.cloud9.inventory.StoreInventoryControllerUniTest" time="0.002"/>
  <testcase name="getByItemNameThrowsItemNotFoundException()" classname="org.jayhenri.cloud9.inventory.StoreInventoryControllerUniTest" time="0.001"/>
  <testcase name="removeInventoryThrowsInvalidItemException()" classname="org.jayhenri.cloud9.inventory.StoreInventoryControllerUniTest" time="0.0"/>
  <system-out><![CDATA[]]></system-out>
  <system-err><![CDATA[]]></system-err>
</testsuite>
