<?xml version="1.0" encoding="UTF-8"?>
<testsuite name="org.jayhenri.cloud9.customer.service.CartServiceTest" tests="4" skipped="0" failures="0" errors="0" timestamp="2021-08-17T03:54:41" hostname="kde-neon" time="0.006">
  <properties/>
  <testcase name="emptyCart()" classname="org.jayhenri.cloud9.customer.service.CartServiceTest" time="0.002"/>
  <testcase name="getCart()" classname="org.jayhenri.cloud9.customer.service.CartServiceTest" time="0.001"/>
  <testcase name="addToCart()" classname="org.jayhenri.cloud9.customer.service.CartServiceTest" time="0.001"/>
  <testcase name="removeFromCart()" classname="org.jayhenri.cloud9.customer.service.CartServiceTest" time="0.001"/>
  <system-out><![CDATA[]]></system-out>
  <system-err><![CDATA[]]></system-err>
</testsuite>
