<?xml version="1.0" encoding="UTF-8"?>
<testsuite name="org.jayhenri.ecommerce.controller.inventory.InventoryControllerUniTest" tests="12" skipped="12" failures="0" errors="0" timestamp="2021-07-25T05:23:37" hostname="kde-neon" time="0.002">
  <properties/>
  <testcase name="addItemThrowsItemAlreadyExistsException()" classname="org.jayhenri.ecommerce.controller.inventory.InventoryControllerUniTest" time="0.0">
    <skipped/>
  </testcase>
  <testcase name="getByProductNameThrowsItemNotFoundException()" classname="org.jayhenri.ecommerce.controller.inventory.InventoryControllerUniTest" time="0.001">
    <skipped/>
  </testcase>
  <testcase name="getByProductName()" classname="org.jayhenri.ecommerce.controller.inventory.InventoryControllerUniTest" time="0.0">
    <skipped/>
  </testcase>
  <testcase name="addItem()" classname="org.jayhenri.ecommerce.controller.inventory.InventoryControllerUniTest" time="0.0">
    <skipped/>
  </testcase>
  <testcase name="removeItemThrowsItemNotFoundException()" classname="org.jayhenri.ecommerce.controller.inventory.InventoryControllerUniTest" time="0.0">
    <skipped/>
  </testcase>
  <testcase name="updateItemThrowsInvalidItemException()" classname="org.jayhenri.ecommerce.controller.inventory.InventoryControllerUniTest" time="0.001">
    <skipped/>
  </testcase>
  <testcase name="findAll()" classname="org.jayhenri.ecommerce.controller.inventory.InventoryControllerUniTest" time="0.0">
    <skipped/>
  </testcase>
  <testcase name="updateItem()" classname="org.jayhenri.ecommerce.controller.inventory.InventoryControllerUniTest" time="0.0">
    <skipped/>
  </testcase>
  <testcase name="updateItemThrowsItemNotFoundException()" classname="org.jayhenri.ecommerce.controller.inventory.InventoryControllerUniTest" time="0.0">
    <skipped/>
  </testcase>
  <testcase name="removeItemThrowsInvalidItemException()" classname="org.jayhenri.ecommerce.controller.inventory.InventoryControllerUniTest" time="0.0">
    <skipped/>
  </testcase>
  <testcase name="addItemThrowsInvalidItemException()" classname="org.jayhenri.ecommerce.controller.inventory.InventoryControllerUniTest" time="0.0">
    <skipped/>
  </testcase>
  <testcase name="removeItem()" classname="org.jayhenri.ecommerce.controller.inventory.InventoryControllerUniTest" time="0.0">
    <skipped/>
  </testcase>
  <system-out><![CDATA[]]></system-out>
  <system-err><![CDATA[]]></system-err>
</testsuite>
