<?xml version="1.0" encoding="UTF-8"?>
<testsuite name="org.jayhenri.ecommerce.controller.customerRegistration.CustomerRegistrationWebMvcTest" tests="4" skipped="1" failures="0" errors="0" timestamp="2021-07-25T05:23:38" hostname="kde-neon" time="0.035">
  <properties/>
  <testcase name="registerThrowsInvalidPostalCodeException()" classname="org.jayhenri.ecommerce.controller.customerRegistration.CustomerRegistrationWebMvcTest" time="0.018"/>
  <testcase name="register()" classname="org.jayhenri.ecommerce.controller.customerRegistration.CustomerRegistrationWebMvcTest" time="0.0">
    <skipped/>
  </testcase>
  <testcase name="registerThrowsCustomerAlreadyExistsException()" classname="org.jayhenri.ecommerce.controller.customerRegistration.CustomerRegistrationWebMvcTest" time="0.008"/>
  <testcase name="registerThrowsInvalidCustomerException()" classname="org.jayhenri.ecommerce.controller.customerRegistration.CustomerRegistrationWebMvcTest" time="0.005"/>
  <system-out><![CDATA[2021-07-25 01:23:37.664  INFO 209773 --- [    Test worker] .b.t.a.w.s.WebMvcTestContextBootstrapper : Neither @ContextConfiguration nor @ContextHierarchy found for test class [org.jayhenri.ecommerce.controller.customerRegistration.CustomerRegistrationWebMvcTest], using SpringBootContextLoader
2021-07-25 01:23:37.665  INFO 209773 --- [    Test worker] o.s.t.c.support.AbstractContextLoader    : Could not detect default resource locations for test class [org.jayhenri.ecommerce.controller.customerRegistration.CustomerRegistrationWebMvcTest]: no resource found for suffixes {-context.xml, Context.groovy}.
2021-07-25 01:23:37.665  INFO 209773 --- [    Test worker] t.c.s.AnnotationConfigContextLoaderUtils : Could not detect default configuration classes for test class [org.jayhenri.ecommerce.controller.customerRegistration.CustomerRegistrationWebMvcTest]: CustomerRegistrationWebMvcTest does not declare any static, non-private, non-final, nested classes annotated with @Configuration.
2021-07-25 01:23:37.674  INFO 209773 --- [    Test worker] .b.t.c.SpringBootTestContextBootstrapper : Found @SpringBootConfiguration org.jayhenri.ecommerce.EcommerceApplication for test class org.jayhenri.ecommerce.controller.customerRegistration.CustomerRegistrationWebMvcTest
2021-07-25 01:23:37.675  INFO 209773 --- [    Test worker] .b.t.a.w.s.WebMvcTestContextBootstrapper : Loaded default TestExecutionListener class names from location [META-INF/spring.factories]: [org.springframework.security.test.context.support.WithSecurityContextTestExecutionListener, org.springframework.security.test.context.support.ReactorContextTestExecutionListener, org.springframework.boot.test.autoconfigure.restdocs.RestDocsTestExecutionListener, org.springframework.boot.test.autoconfigure.web.client.MockRestServiceServerResetTestExecutionListener, org.springframework.boot.test.autoconfigure.web.servlet.MockMvcPrintOnlyOnFailureTestExecutionListener, org.springframework.boot.test.autoconfigure.web.servlet.WebDriverTestExecutionListener, org.springframework.boot.test.autoconfigure.webservices.client.MockWebServiceServerTestExecutionListener, org.springframework.boot.test.mock.mockito.MockitoTestExecutionListener, org.springframework.boot.test.mock.mockito.ResetMocksTestExecutionListener, org.springframework.test.context.web.ServletTestExecutionListener, org.springframework.test.context.support.DirtiesContextBeforeModesTestExecutionListener, org.springframework.test.context.event.ApplicationEventsTestExecutionListener, org.springframework.test.context.support.DependencyInjectionTestExecutionListener, org.springframework.test.context.support.DirtiesContextTestExecutionListener, org.springframework.test.context.transaction.TransactionalTestExecutionListener, org.springframework.test.context.jdbc.SqlScriptsTestExecutionListener, org.springframework.test.context.event.EventPublishingTestExecutionListener]
2021-07-25 01:23:37.676  INFO 209773 --- [    Test worker] .b.t.a.w.s.WebMvcTestContextBootstrapper : Using TestExecutionListeners: [org.springframework.test.context.web.ServletTestExecutionListener@7c50b50d, org.springframework.test.context.support.DirtiesContextBeforeModesTestExecutionListener@27251e59, org.springframework.test.context.event.ApplicationEventsTestExecutionListener@4dbcd9a4, org.springframework.boot.test.mock.mockito.MockitoTestExecutionListener@62c2305e, org.springframework.boot.test.autoconfigure.SpringBootDependencyInjectionTestExecutionListener@1b4309d6, org.springframework.test.context.support.DirtiesContextTestExecutionListener@149b1b31, org.springframework.test.context.transaction.TransactionalTestExecutionListener@3fc181ff, org.springframework.test.context.jdbc.SqlScriptsTestExecutionListener@4c721699, org.springframework.security.test.context.support.WithSecurityContextTestExecutionListener@4ffcab78, org.springframework.test.context.event.EventPublishingTestExecutionListener@3f26325, org.springframework.security.test.context.support.ReactorContextTestExecutionListener@308fc4dd, org.springframework.boot.test.autoconfigure.restdocs.RestDocsTestExecutionListener@6c95da8b, org.springframework.boot.test.autoconfigure.web.client.MockRestServiceServerResetTestExecutionListener@46180b0a, org.springframework.boot.test.autoconfigure.web.servlet.MockMvcPrintOnlyOnFailureTestExecutionListener@56e3b3a7, org.springframework.boot.test.autoconfigure.web.servlet.WebDriverTestExecutionListener@18042c8a, org.springframework.boot.test.autoconfigure.webservices.client.MockWebServiceServerTestExecutionListener@5a07fc83, org.springframework.boot.test.mock.mockito.ResetMocksTestExecutionListener@5c41fc92]

  .   ____          _            __ _ _
 /\\ / ___'_ __ _ _(_)_ __  __ _ \ \ \ \
( ( )\___ | '_ | '_| | '_ \/ _` | \ \ \ \
 \\/  ___)| |_)| | | | | || (_| |  ) ) ) )
  '  |____| .__|_| |_|_| |_\__, | / / / /
 =========|_|==============|___/=/_/_/_/
 :: Spring Boot ::                (v2.5.2)

2021-07-25 01:23:37.712  INFO 209773 --- [    Test worker] o.j.e.c.c.CustomerRegistrationWebMvcTest : Starting CustomerRegistrationWebMvcTest using Java 11.0.11 on kde-neon with PID 209773 (started by joshua in /home/joshua/Documents/ecommerce-backend)
2021-07-25 01:23:37.714  INFO 209773 --- [    Test worker] o.j.e.c.c.CustomerRegistrationWebMvcTest : No active profile set, falling back to default profiles: default
2021-07-25 01:23:38.301  INFO 209773 --- [    Test worker] o.s.b.t.m.w.SpringBootMockServletContext : Initializing Spring TestDispatcherServlet ''
2021-07-25 01:23:38.301  INFO 209773 --- [    Test worker] o.s.t.web.servlet.TestDispatcherServlet  : Initializing Servlet ''
2021-07-25 01:23:38.301  INFO 209773 --- [    Test worker] o.s.t.web.servlet.TestDispatcherServlet  : Completed initialization in 0 ms
2021-07-25 01:23:38.312  INFO 209773 --- [    Test worker] o.j.e.c.c.CustomerRegistrationWebMvcTest : Started CustomerRegistrationWebMvcTest in 0.633 seconds (JVM running for 3.871)
2021-07-25 01:23:38.347  WARN 209773 --- [    Test worker] .w.s.m.s.DefaultHandlerExceptionResolver : Resolved [org.springframework.http.converter.HttpMessageNotReadableException: Required request body is missing: public org.springframework.http.ResponseEntity<java.lang.String> org.jayhenri.ecommerce.controller.CustomerRegistrationController.register(org.jayhenri.ecommerce.model.Customer) throws org.jayhenri.ecommerce.exception.CustomerAlreadyExistsException,org.jayhenri.ecommerce.exception.InvalidPostalCodeException,org.jayhenri.ecommerce.exception.InvalidCustomerException]
]]></system-out>
  <system-err><![CDATA[]]></system-err>
</testsuite>
