<?xml version="1.0" encoding="UTF-8"?>
<testsuite name="org.jayhenri.cloud9.login.LoginServiceTest" tests="9" skipped="0" failures="0" errors="0" timestamp="2021-08-17T03:54:41" hostname="kde-neon" time="0.044">
  <properties/>
  <testcase name="doesNotExistsByPhoneNumber()" classname="org.jayhenri.cloud9.login.LoginServiceTest" time="0.026"/>
  <testcase name="delete()" classname="org.jayhenri.cloud9.login.LoginServiceTest" time="0.002"/>
  <testcase name="update()" classname="org.jayhenri.cloud9.login.LoginServiceTest" time="0.001"/>
  <testcase name="findAllLogins()" classname="org.jayhenri.cloud9.login.LoginServiceTest" time="0.001"/>
  <testcase name="getById()" classname="org.jayhenri.cloud9.login.LoginServiceTest" time="0.002"/>
  <testcase name="add()" classname="org.jayhenri.cloud9.login.LoginServiceTest" time="0.002"/>
  <testcase name="existsById()" classname="org.jayhenri.cloud9.login.LoginServiceTest" time="0.002"/>
  <testcase name="existsByPhoneNumber()" classname="org.jayhenri.cloud9.login.LoginServiceTest" time="0.002"/>
  <testcase name="doesNotExistsById()" classname="org.jayhenri.cloud9.login.LoginServiceTest" time="0.002"/>
  <system-out><![CDATA[]]></system-out>
  <system-err><![CDATA[]]></system-err>
</testsuite>
