<?xml version="1.0" encoding="UTF-8"?>
<testsuite name="org.jayhenri.ecommerce.controller.inventory.InventoryControllerWebMvcTest" tests="12" skipped="1" failures="0" errors="0" timestamp="2021-07-25T05:23:37" hostname="kde-neon" time="0.31">
  <properties/>
  <testcase name="getByProductNameThrowsItemNotFoundException()" classname="org.jayhenri.ecommerce.controller.inventory.InventoryControllerWebMvcTest" time="0.085"/>
  <testcase name="getByProductName()" classname="org.jayhenri.ecommerce.controller.inventory.InventoryControllerWebMvcTest" time="0.063"/>
  <testcase name="updateItemThrowsInvalidItemException()" classname="org.jayhenri.ecommerce.controller.inventory.InventoryControllerWebMvcTest" time="0.074"/>
  <testcase name="findAll()" classname="org.jayhenri.ecommerce.controller.inventory.InventoryControllerWebMvcTest" time="0.009"/>
  <testcase name="updateItem()" classname="org.jayhenri.ecommerce.controller.inventory.InventoryControllerWebMvcTest" time="0.012"/>
  <testcase name="updateItemThrowsItemNotFoundException()" classname="org.jayhenri.ecommerce.controller.inventory.InventoryControllerWebMvcTest" time="0.009"/>
  <testcase name="removeItemToInventory()" classname="org.jayhenri.ecommerce.controller.inventory.InventoryControllerWebMvcTest" time="0.007"/>
  <testcase name="addItemToInventoryThrowsInvalidItemException()" classname="org.jayhenri.ecommerce.controller.inventory.InventoryControllerWebMvcTest" time="0.0">
    <skipped/>
  </testcase>
  <testcase name="addItemToInventoryThrowsItemAlreadyExistsException()" classname="org.jayhenri.ecommerce.controller.inventory.InventoryControllerWebMvcTest" time="0.01"/>
  <testcase name="addItemToInventory()" classname="org.jayhenri.ecommerce.controller.inventory.InventoryControllerWebMvcTest" time="0.01"/>
  <testcase name="removeItemToInventoryThrowsInvalidItemException()" classname="org.jayhenri.ecommerce.controller.inventory.InventoryControllerWebMvcTest" time="0.008"/>
  <testcase name="removeItemToInventoryThrowsItemNotFoundException()" classname="org.jayhenri.ecommerce.controller.inventory.InventoryControllerWebMvcTest" time="0.006"/>
  <system-out><![CDATA[01:23:35.167 [Test worker] DEBUG org.springframework.test.context.BootstrapUtils - Instantiating CacheAwareContextLoaderDelegate from class [org.springframework.test.context.cache.DefaultCacheAwareContextLoaderDelegate]
01:23:35.176 [Test worker] DEBUG org.springframework.test.context.BootstrapUtils - Instantiating BootstrapContext using constructor [public org.springframework.test.context.support.DefaultBootstrapContext(java.lang.Class,org.springframework.test.context.CacheAwareContextLoaderDelegate)]
01:23:35.206 [Test worker] DEBUG org.springframework.test.context.BootstrapUtils - Instantiating TestContextBootstrapper for test class [org.jayhenri.ecommerce.controller.inventory.InventoryControllerWebMvcTest] from class [org.springframework.boot.test.autoconfigure.web.servlet.WebMvcTestContextBootstrapper]
01:23:35.215 [Test worker] INFO org.springframework.boot.test.autoconfigure.web.servlet.WebMvcTestContextBootstrapper - Neither @ContextConfiguration nor @ContextHierarchy found for test class [org.jayhenri.ecommerce.controller.inventory.InventoryControllerWebMvcTest], using SpringBootContextLoader
01:23:35.218 [Test worker] DEBUG org.springframework.test.context.support.AbstractContextLoader - Did not detect default resource location for test class [org.jayhenri.ecommerce.controller.inventory.InventoryControllerWebMvcTest]: class path resource [org/jayhenri/ecommerce/controller/inventory/InventoryControllerWebMvcTest-context.xml] does not exist
01:23:35.219 [Test worker] DEBUG org.springframework.test.context.support.AbstractContextLoader - Did not detect default resource location for test class [org.jayhenri.ecommerce.controller.inventory.InventoryControllerWebMvcTest]: class path resource [org/jayhenri/ecommerce/controller/inventory/InventoryControllerWebMvcTestContext.groovy] does not exist
01:23:35.219 [Test worker] INFO org.springframework.test.context.support.AbstractContextLoader - Could not detect default resource locations for test class [org.jayhenri.ecommerce.controller.inventory.InventoryControllerWebMvcTest]: no resource found for suffixes {-context.xml, Context.groovy}.
01:23:35.220 [Test worker] INFO org.springframework.test.context.support.AnnotationConfigContextLoaderUtils - Could not detect default configuration classes for test class [org.jayhenri.ecommerce.controller.inventory.InventoryControllerWebMvcTest]: InventoryControllerWebMvcTest does not declare any static, non-private, non-final, nested classes annotated with @Configuration.
01:23:35.289 [Test worker] DEBUG org.springframework.test.context.support.ActiveProfilesUtils - Could not find an 'annotation declaring class' for annotation type [org.springframework.test.context.ActiveProfiles] and class [org.jayhenri.ecommerce.controller.inventory.InventoryControllerWebMvcTest]
01:23:35.346 [Test worker] DEBUG org.springframework.context.annotation.ClassPathScanningCandidateComponentProvider - Identified candidate component class: file [/home/joshua/Documents/ecommerce-backend/build/classes/java/main/org/jayhenri/ecommerce/EcommerceApplication.class]
01:23:35.346 [Test worker] INFO org.springframework.boot.test.context.SpringBootTestContextBootstrapper - Found @SpringBootConfiguration org.jayhenri.ecommerce.EcommerceApplication for test class org.jayhenri.ecommerce.controller.inventory.InventoryControllerWebMvcTest
01:23:35.348 [Test worker] DEBUG org.springframework.boot.test.autoconfigure.web.servlet.WebMvcTestContextBootstrapper - @TestExecutionListeners is not present for class [org.jayhenri.ecommerce.controller.inventory.InventoryControllerWebMvcTest]: using defaults.
01:23:35.349 [Test worker] INFO org.springframework.boot.test.autoconfigure.web.servlet.WebMvcTestContextBootstrapper - Loaded default TestExecutionListener class names from location [META-INF/spring.factories]: [org.springframework.security.test.context.support.WithSecurityContextTestExecutionListener, org.springframework.security.test.context.support.ReactorContextTestExecutionListener, org.springframework.boot.test.autoconfigure.restdocs.RestDocsTestExecutionListener, org.springframework.boot.test.autoconfigure.web.client.MockRestServiceServerResetTestExecutionListener, org.springframework.boot.test.autoconfigure.web.servlet.MockMvcPrintOnlyOnFailureTestExecutionListener, org.springframework.boot.test.autoconfigure.web.servlet.WebDriverTestExecutionListener, org.springframework.boot.test.autoconfigure.webservices.client.MockWebServiceServerTestExecutionListener, org.springframework.boot.test.mock.mockito.MockitoTestExecutionListener, org.springframework.boot.test.mock.mockito.ResetMocksTestExecutionListener, org.springframework.test.context.web.ServletTestExecutionListener, org.springframework.test.context.support.DirtiesContextBeforeModesTestExecutionListener, org.springframework.test.context.event.ApplicationEventsTestExecutionListener, org.springframework.test.context.support.DependencyInjectionTestExecutionListener, org.springframework.test.context.support.DirtiesContextTestExecutionListener, org.springframework.test.context.transaction.TransactionalTestExecutionListener, org.springframework.test.context.jdbc.SqlScriptsTestExecutionListener, org.springframework.test.context.event.EventPublishingTestExecutionListener]
01:23:35.361 [Test worker] INFO org.springframework.boot.test.autoconfigure.web.servlet.WebMvcTestContextBootstrapper - Using TestExecutionListeners: [org.springframework.test.context.web.ServletTestExecutionListener@16713257, org.springframework.test.context.support.DirtiesContextBeforeModesTestExecutionListener@3381af94, org.springframework.test.context.event.ApplicationEventsTestExecutionListener@5812a0f0, org.springframework.boot.test.mock.mockito.MockitoTestExecutionListener@381e10e7, org.springframework.boot.test.autoconfigure.SpringBootDependencyInjectionTestExecutionListener@27626e39, org.springframework.test.context.support.DirtiesContextTestExecutionListener@19a1984e, org.springframework.test.context.transaction.TransactionalTestExecutionListener@5479aeaa, org.springframework.test.context.jdbc.SqlScriptsTestExecutionListener@1ca805ea, org.springframework.security.test.context.support.WithSecurityContextTestExecutionListener@288fa3e0, org.springframework.test.context.event.EventPublishingTestExecutionListener@3df93d57, org.springframework.security.test.context.support.ReactorContextTestExecutionListener@24ecd8bc, org.springframework.boot.test.autoconfigure.restdocs.RestDocsTestExecutionListener@78b71e9e, org.springframework.boot.test.autoconfigure.web.client.MockRestServiceServerResetTestExecutionListener@2df222cb, org.springframework.boot.test.autoconfigure.web.servlet.MockMvcPrintOnlyOnFailureTestExecutionListener@5995a1a7, org.springframework.boot.test.autoconfigure.web.servlet.WebDriverTestExecutionListener@1b7eab11, org.springframework.boot.test.autoconfigure.webservices.client.MockWebServiceServerTestExecutionListener@5bfd050e, org.springframework.boot.test.mock.mockito.ResetMocksTestExecutionListener@672580c0]
01:23:35.363 [Test worker] DEBUG org.springframework.test.context.support.AbstractDirtiesContextTestExecutionListener - Before test class: context [DefaultTestContext@34daa681 testClass = InventoryControllerWebMvcTest, testInstance = [null], testMethod = [null], testException = [null], mergedContextConfiguration = [WebMergedContextConfiguration@2024c0f1 testClass = InventoryControllerWebMvcTest, locations = '{}', classes = '{class org.jayhenri.ecommerce.EcommerceApplication}', contextInitializerClasses = '[]', activeProfiles = '{}', propertySourceLocations = '{}', propertySourceProperties = '{org.springframework.boot.test.autoconfigure.web.servlet.WebMvcTestContextBootstrapper=true}', contextCustomizers = set[org.springframework.boot.test.autoconfigure.OverrideAutoConfigurationContextCustomizerFactory$DisableAutoConfigurationContextCustomizer@46177d21, org.springframework.boot.test.autoconfigure.actuate.metrics.MetricsExportContextCustomizerFactory$DisableMetricExportContextCustomizer@1514cc04, org.springframework.boot.test.autoconfigure.filter.TypeExcludeFiltersContextCustomizer@51339c7, org.springframework.boot.test.autoconfigure.properties.PropertyMappingContextCustomizer@e53d02a4, org.springframework.boot.test.autoconfigure.web.servlet.WebDriverContextCustomizerFactory$Customizer@e2aeb9e, [ImportsContextCustomizer@3de85a8d key = [org.springframework.boot.autoconfigure.cache.CacheAutoConfiguration, org.springframework.boot.autoconfigure.context.MessageSourceAutoConfiguration, org.springframework.boot.autoconfigure.data.web.SpringDataWebAutoConfiguration, org.springframework.boot.autoconfigure.freemarker.FreeMarkerAutoConfiguration, org.springframework.boot.autoconfigure.groovy.template.GroovyTemplateAutoConfiguration, org.springframework.boot.autoconfigure.gson.GsonAutoConfiguration, org.springframework.boot.autoconfigure.hateoas.HypermediaAutoConfiguration, org.springframework.boot.autoconfigure.http.HttpMessageConvertersAutoConfiguration, org.springframework.boot.autoconfigure.jackson.JacksonAutoConfiguration, org.springframework.boot.autoconfigure.jsonb.JsonbAutoConfiguration, org.springframework.boot.autoconfigure.mustache.MustacheAutoConfiguration, org.springframework.boot.autoconfigure.task.TaskExecutionAutoConfiguration, org.springframework.boot.autoconfigure.thymeleaf.ThymeleafAutoConfiguration, org.springframework.boot.autoconfigure.validation.ValidationAutoConfiguration, org.springframework.boot.autoconfigure.web.servlet.error.ErrorMvcAutoConfiguration, org.springframework.boot.autoconfigure.web.servlet.HttpEncodingAutoConfiguration, org.springframework.boot.autoconfigure.web.servlet.WebMvcAutoConfiguration, org.springframework.boot.test.autoconfigure.web.servlet.MockMvcAutoConfiguration, org.springframework.boot.test.autoconfigure.web.servlet.MockMvcWebClientAutoConfiguration, org.springframework.boot.test.autoconfigure.web.servlet.MockMvcWebDriverAutoConfiguration, org.springframework.boot.autoconfigure.security.oauth2.client.servlet.OAuth2ClientAutoConfiguration, org.springframework.boot.autoconfigure.security.oauth2.resource.servlet.OAuth2ResourceServerAutoConfiguration, org.springframework.boot.autoconfigure.security.servlet.SecurityAutoConfiguration, org.springframework.boot.autoconfigure.security.servlet.SecurityFilterAutoConfiguration, org.springframework.boot.autoconfigure.security.servlet.UserDetailsServiceAutoConfiguration, org.springframework.boot.test.autoconfigure.web.servlet.MockMvcSecurityConfiguration]], org.springframework.boot.test.context.filter.ExcludeFilterContextCustomizer@6e7e1fcf, org.springframework.boot.test.json.DuplicateJsonObjectContextCustomizerFactory$DuplicateJsonObjectContextCustomizer@400d1ec2, org.springframework.boot.test.mock.mockito.MockitoContextCustomizer@60032dc8, org.springframework.boot.test.context.SpringBootTestArgs@1, org.springframework.boot.test.context.SpringBootTestWebEnvironment@0], resourceBasePath = 'src/main/webapp', contextLoader = 'org.springframework.boot.test.context.SpringBootContextLoader', parent = [null]], attributes = map[[empty]]], class annotated with @DirtiesContext [false] with mode [null].
01:23:35.391 [Test worker] DEBUG org.springframework.test.context.support.TestPropertySourceUtils - Adding inlined properties to environment: {spring.jmx.enabled=false, org.springframework.boot.test.autoconfigure.web.servlet.WebMvcTestContextBootstrapper=true}

  .   ____          _            __ _ _
 /\\ / ___'_ __ _ _(_)_ __  __ _ \ \ \ \
( ( )\___ | '_ | '_| | '_ \/ _` | \ \ \ \
 \\/  ___)| |_)| | | | | || (_| |  ) ) ) )
  '  |____| .__|_| |_|_| |_\__, | / / / /
 =========|_|==============|___/=/_/_/_/
 :: Spring Boot ::                (v2.5.2)

2021-07-25 01:23:35.663  INFO 209773 --- [    Test worker] o.j.e.c.i.InventoryControllerWebMvcTest  : Starting InventoryControllerWebMvcTest using Java 11.0.11 on kde-neon with PID 209773 (started by joshua in /home/joshua/Documents/ecommerce-backend)
2021-07-25 01:23:35.667  INFO 209773 --- [    Test worker] o.j.e.c.i.InventoryControllerWebMvcTest  : No active profile set, falling back to default profiles: default
2021-07-25 01:23:37.225  INFO 209773 --- [    Test worker] o.s.b.t.m.w.SpringBootMockServletContext : Initializing Spring TestDispatcherServlet ''
2021-07-25 01:23:37.226  INFO 209773 --- [    Test worker] o.s.t.web.servlet.TestDispatcherServlet  : Initializing Servlet ''
2021-07-25 01:23:37.227  INFO 209773 --- [    Test worker] o.s.t.web.servlet.TestDispatcherServlet  : Completed initialization in 1 ms
2021-07-25 01:23:37.251  INFO 209773 --- [    Test worker] o.j.e.c.i.InventoryControllerWebMvcTest  : Started InventoryControllerWebMvcTest in 1.854 seconds (JVM running for 2.81)
]]></system-out>
  <system-err><![CDATA[]]></system-err>
</testsuite>
