<?xml version="1.0" encoding="UTF-8"?>
<testsuite name="org.jayhenri.ecommerce.controller.inventory.InventoryControllerWebMvcTest" tests="12" skipped="0" failures="0" errors="0" timestamp="2021-08-03T17:06:28" hostname="kde-neon" time="0.286">
  <properties/>
  <testcase name="getByProductNameThrowsItemNotFoundException()" classname="org.jayhenri.ecommerce.controller.inventory.InventoryControllerWebMvcTest" time="0.092"/>
  <testcase name="getByProductName()" classname="org.jayhenri.ecommerce.controller.inventory.InventoryControllerWebMvcTest" time="0.056"/>
  <testcase name="updateItemThrowsInvalidItemException()" classname="org.jayhenri.ecommerce.controller.inventory.InventoryControllerWebMvcTest" time="0.044"/>
  <testcase name="findAll()" classname="org.jayhenri.ecommerce.controller.inventory.InventoryControllerWebMvcTest" time="0.008"/>
  <testcase name="updateItem()" classname="org.jayhenri.ecommerce.controller.inventory.InventoryControllerWebMvcTest" time="0.021"/>
  <testcase name="updateItemThrowsItemNotFoundException()" classname="org.jayhenri.ecommerce.controller.inventory.InventoryControllerWebMvcTest" time="0.01"/>
  <testcase name="removeItemToInventory()" classname="org.jayhenri.ecommerce.controller.inventory.InventoryControllerWebMvcTest" time="0.005"/>
  <testcase name="addItemToInventoryThrowsInvalidItemException()" classname="org.jayhenri.ecommerce.controller.inventory.InventoryControllerWebMvcTest" time="0.005"/>
  <testcase name="addItemToInventoryThrowsItemAlreadyExistsException()" classname="org.jayhenri.ecommerce.controller.inventory.InventoryControllerWebMvcTest" time="0.008"/>
  <testcase name="addItemToInventory()" classname="org.jayhenri.ecommerce.controller.inventory.InventoryControllerWebMvcTest" time="0.009"/>
  <testcase name="removeItemToInventoryThrowsInvalidItemException()" classname="org.jayhenri.ecommerce.controller.inventory.InventoryControllerWebMvcTest" time="0.008"/>
  <testcase name="removeItemToInventoryThrowsItemNotFoundException()" classname="org.jayhenri.ecommerce.controller.inventory.InventoryControllerWebMvcTest" time="0.006"/>
  <system-out><![CDATA[13:06:26.667 [Test worker] DEBUG org.springframework.test.context.BootstrapUtils - Instantiating CacheAwareContextLoaderDelegate from class [org.springframework.test.context.cache.DefaultCacheAwareContextLoaderDelegate]
13:06:26.679 [Test worker] DEBUG org.springframework.test.context.BootstrapUtils - Instantiating BootstrapContext using constructor [public org.springframework.test.context.support.DefaultBootstrapContext(java.lang.Class,org.springframework.test.context.CacheAwareContextLoaderDelegate)]
13:06:26.722 [Test worker] DEBUG org.springframework.test.context.BootstrapUtils - Instantiating TestContextBootstrapper for test class [org.jayhenri.ecommerce.controller.inventory.InventoryControllerWebMvcTest] from class [org.springframework.boot.test.autoconfigure.web.servlet.WebMvcTestContextBootstrapper]
13:06:26.733 [Test worker] INFO org.springframework.boot.test.autoconfigure.web.servlet.WebMvcTestContextBootstrapper - Neither @ContextConfiguration nor @ContextHierarchy found for test class [org.jayhenri.ecommerce.controller.inventory.InventoryControllerWebMvcTest], using SpringBootContextLoader
13:06:26.737 [Test worker] DEBUG org.springframework.test.context.support.AbstractContextLoader - Did not detect default resource location for test class [org.jayhenri.ecommerce.controller.inventory.InventoryControllerWebMvcTest]: class path resource [org/jayhenri/ecommerce/controller/inventory/InventoryControllerWebMvcTest-context.xml] does not exist
13:06:26.737 [Test worker] DEBUG org.springframework.test.context.support.AbstractContextLoader - Did not detect default resource location for test class [org.jayhenri.ecommerce.controller.inventory.InventoryControllerWebMvcTest]: class path resource [org/jayhenri/ecommerce/controller/inventory/InventoryControllerWebMvcTestContext.groovy] does not exist
13:06:26.738 [Test worker] INFO org.springframework.test.context.support.AbstractContextLoader - Could not detect default resource locations for test class [org.jayhenri.ecommerce.controller.inventory.InventoryControllerWebMvcTest]: no resource found for suffixes {-context.xml, Context.groovy}.
13:06:26.738 [Test worker] INFO org.springframework.test.context.support.AnnotationConfigContextLoaderUtils - Could not detect default configuration classes for test class [org.jayhenri.ecommerce.controller.inventory.InventoryControllerWebMvcTest]: InventoryControllerWebMvcTest does not declare any static, non-private, non-final, nested classes annotated with @Configuration.
13:06:26.804 [Test worker] DEBUG org.springframework.test.context.support.ActiveProfilesUtils - Could not find an 'annotation declaring class' for annotation type [org.springframework.test.context.ActiveProfiles] and class [org.jayhenri.ecommerce.controller.inventory.InventoryControllerWebMvcTest]
13:06:26.864 [Test worker] DEBUG org.springframework.context.annotation.ClassPathScanningCandidateComponentProvider - Identified candidate component class: file [/home/joshua/Documents/ecommerce-backend/build/classes/java/main/org/jayhenri/ecommerce/EcommerceApplication.class]
13:06:26.865 [Test worker] INFO org.springframework.boot.test.context.SpringBootTestContextBootstrapper - Found @SpringBootConfiguration org.jayhenri.ecommerce.EcommerceApplication for test class org.jayhenri.ecommerce.controller.inventory.InventoryControllerWebMvcTest
13:06:26.867 [Test worker] DEBUG org.springframework.boot.test.autoconfigure.web.servlet.WebMvcTestContextBootstrapper - @TestExecutionListeners is not present for class [org.jayhenri.ecommerce.controller.inventory.InventoryControllerWebMvcTest]: using defaults.
13:06:26.868 [Test worker] INFO org.springframework.boot.test.autoconfigure.web.servlet.WebMvcTestContextBootstrapper - Loaded default TestExecutionListener class names from location [META-INF/spring.factories]: [org.springframework.security.test.context.support.WithSecurityContextTestExecutionListener, org.springframework.security.test.context.support.ReactorContextTestExecutionListener, org.springframework.boot.test.autoconfigure.restdocs.RestDocsTestExecutionListener, org.springframework.boot.test.autoconfigure.web.client.MockRestServiceServerResetTestExecutionListener, org.springframework.boot.test.autoconfigure.web.servlet.MockMvcPrintOnlyOnFailureTestExecutionListener, org.springframework.boot.test.autoconfigure.web.servlet.WebDriverTestExecutionListener, org.springframework.boot.test.autoconfigure.webservices.client.MockWebServiceServerTestExecutionListener, org.springframework.boot.test.mock.mockito.MockitoTestExecutionListener, org.springframework.boot.test.mock.mockito.ResetMocksTestExecutionListener, org.springframework.test.context.web.ServletTestExecutionListener, org.springframework.test.context.support.DirtiesContextBeforeModesTestExecutionListener, org.springframework.test.context.event.ApplicationEventsTestExecutionListener, org.springframework.test.context.support.DependencyInjectionTestExecutionListener, org.springframework.test.context.support.DirtiesContextTestExecutionListener, org.springframework.test.context.transaction.TransactionalTestExecutionListener, org.springframework.test.context.jdbc.SqlScriptsTestExecutionListener, org.springframework.test.context.event.EventPublishingTestExecutionListener]
13:06:26.878 [Test worker] INFO org.springframework.boot.test.autoconfigure.web.servlet.WebMvcTestContextBootstrapper - Using TestExecutionListeners: [org.springframework.test.context.web.ServletTestExecutionListener@421242fa, org.springframework.test.context.support.DirtiesContextBeforeModesTestExecutionListener@4b6d0fa5, org.springframework.test.context.event.ApplicationEventsTestExecutionListener@500485cf, org.springframework.boot.test.mock.mockito.MockitoTestExecutionListener@43308d7b, org.springframework.boot.test.autoconfigure.SpringBootDependencyInjectionTestExecutionListener@13651275, org.springframework.test.context.support.DirtiesContextTestExecutionListener@30d6279b, org.springframework.test.context.transaction.TransactionalTestExecutionListener@4408e6b3, org.springframework.test.context.jdbc.SqlScriptsTestExecutionListener@394e01c, org.springframework.security.test.context.support.WithSecurityContextTestExecutionListener@3859bca1, org.springframework.test.context.event.EventPublishingTestExecutionListener@39b2bece, org.springframework.security.test.context.support.ReactorContextTestExecutionListener@3a8cea35, org.springframework.boot.test.autoconfigure.restdocs.RestDocsTestExecutionListener@1e3c6978, org.springframework.boot.test.autoconfigure.web.client.MockRestServiceServerResetTestExecutionListener@6bf572aa, org.springframework.boot.test.autoconfigure.web.servlet.MockMvcPrintOnlyOnFailureTestExecutionListener@479de5d4, org.springframework.boot.test.autoconfigure.web.servlet.WebDriverTestExecutionListener@1a9d6250, org.springframework.boot.test.autoconfigure.webservices.client.MockWebServiceServerTestExecutionListener@6797bfd2, org.springframework.boot.test.mock.mockito.ResetMocksTestExecutionListener@27b7f1a8]
13:06:26.881 [Test worker] DEBUG org.springframework.test.context.support.AbstractDirtiesContextTestExecutionListener - Before test class: context [DefaultTestContext@747d87af testClass = InventoryControllerWebMvcTest, testInstance = [null], testMethod = [null], testException = [null], mergedContextConfiguration = [WebMergedContextConfiguration@6fd5689c testClass = InventoryControllerWebMvcTest, locations = '{}', classes = '{class org.jayhenri.ecommerce.EcommerceApplication}', contextInitializerClasses = '[]', activeProfiles = '{}', propertySourceLocations = '{}', propertySourceProperties = '{org.springframework.boot.test.autoconfigure.web.servlet.WebMvcTestContextBootstrapper=true}', contextCustomizers = set[org.springframework.boot.test.autoconfigure.OverrideAutoConfigurationContextCustomizerFactory$DisableAutoConfigurationContextCustomizer@2ada912, org.springframework.boot.test.autoconfigure.actuate.metrics.MetricsExportContextCustomizerFactory$DisableMetricExportContextCustomizer@6e33f307, org.springframework.boot.test.autoconfigure.filter.TypeExcludeFiltersContextCustomizer@5a393361, org.springframework.boot.test.autoconfigure.properties.PropertyMappingContextCustomizer@e1c07a61, org.springframework.boot.test.autoconfigure.web.servlet.WebDriverContextCustomizerFactory$Customizer@68db2b16, [ImportsContextCustomizer@6b489ee0 key = [org.springframework.boot.autoconfigure.cache.CacheAutoConfiguration, org.springframework.boot.autoconfigure.context.MessageSourceAutoConfiguration, org.springframework.boot.autoconfigure.data.web.SpringDataWebAutoConfiguration, org.springframework.boot.autoconfigure.freemarker.FreeMarkerAutoConfiguration, org.springframework.boot.autoconfigure.groovy.template.GroovyTemplateAutoConfiguration, org.springframework.boot.autoconfigure.gson.GsonAutoConfiguration, org.springframework.boot.autoconfigure.hateoas.HypermediaAutoConfiguration, org.springframework.boot.autoconfigure.http.HttpMessageConvertersAutoConfiguration, org.springframework.boot.autoconfigure.jackson.JacksonAutoConfiguration, org.springframework.boot.autoconfigure.jsonb.JsonbAutoConfiguration, org.springframework.boot.autoconfigure.mustache.MustacheAutoConfiguration, org.springframework.boot.autoconfigure.task.TaskExecutionAutoConfiguration, org.springframework.boot.autoconfigure.thymeleaf.ThymeleafAutoConfiguration, org.springframework.boot.autoconfigure.validation.ValidationAutoConfiguration, org.springframework.boot.autoconfigure.web.servlet.error.ErrorMvcAutoConfiguration, org.springframework.boot.autoconfigure.web.servlet.HttpEncodingAutoConfiguration, org.springframework.boot.autoconfigure.web.servlet.WebMvcAutoConfiguration, org.springframework.boot.test.autoconfigure.web.servlet.MockMvcAutoConfiguration, org.springframework.boot.test.autoconfigure.web.servlet.MockMvcWebClientAutoConfiguration, org.springframework.boot.test.autoconfigure.web.servlet.MockMvcWebDriverAutoConfiguration, org.springframework.boot.autoconfigure.security.oauth2.client.servlet.OAuth2ClientAutoConfiguration, org.springframework.boot.autoconfigure.security.oauth2.resource.servlet.OAuth2ResourceServerAutoConfiguration, org.springframework.boot.autoconfigure.security.servlet.SecurityAutoConfiguration, org.springframework.boot.autoconfigure.security.servlet.SecurityFilterAutoConfiguration, org.springframework.boot.autoconfigure.security.servlet.UserDetailsServiceAutoConfiguration, org.springframework.boot.test.autoconfigure.web.servlet.MockMvcSecurityConfiguration]], org.springframework.boot.test.context.filter.ExcludeFilterContextCustomizer@4600ce6f, org.springframework.boot.test.json.DuplicateJsonObjectContextCustomizerFactory$DuplicateJsonObjectContextCustomizer@7a9c440a, org.springframework.boot.test.mock.mockito.MockitoContextCustomizer@b5fe6535, org.springframework.boot.test.context.SpringBootTestArgs@1, org.springframework.boot.test.context.SpringBootTestWebEnvironment@0], resourceBasePath = 'src/main/webapp', contextLoader = 'org.springframework.boot.test.context.SpringBootContextLoader', parent = [null]], attributes = map[[empty]]], class annotated with @DirtiesContext [false] with mode [null].
13:06:26.908 [Test worker] DEBUG org.springframework.test.context.support.TestPropertySourceUtils - Adding inlined properties to environment: {spring.jmx.enabled=false, org.springframework.boot.test.autoconfigure.web.servlet.WebMvcTestContextBootstrapper=true}

  .   ____          _            __ _ _
 /\\ / ___'_ __ _ _(_)_ __  __ _ \ \ \ \
( ( )\___ | '_ | '_| | '_ \/ _` | \ \ \ \
 \\/  ___)| |_)| | | | | || (_| |  ) ) ) )
  '  |____| .__|_| |_|_| |_\__, | / / / /
 =========|_|==============|___/=/_/_/_/
 :: Spring Boot ::                (v2.5.2)

2021-08-03 13:06:27.175  INFO 24181 --- [    Test worker] o.j.e.c.i.InventoryControllerWebMvcTest  : Starting InventoryControllerWebMvcTest using Java 16.0.1 on kde-neon with PID 24181 (started by joshua in /home/joshua/Documents/ecommerce-backend)
2021-08-03 13:06:27.178  INFO 24181 --- [    Test worker] o.j.e.c.i.InventoryControllerWebMvcTest  : No active profile set, falling back to default profiles: default
2021-08-03 13:06:28.671  INFO 24181 --- [    Test worker] o.s.b.t.m.w.SpringBootMockServletContext : Initializing Spring TestDispatcherServlet ''
2021-08-03 13:06:28.672  INFO 24181 --- [    Test worker] o.s.t.web.servlet.TestDispatcherServlet  : Initializing Servlet ''
2021-08-03 13:06:28.673  INFO 24181 --- [    Test worker] o.s.t.web.servlet.TestDispatcherServlet  : Completed initialization in 1 ms
2021-08-03 13:06:28.705  INFO 24181 --- [    Test worker] o.j.e.c.i.InventoryControllerWebMvcTest  : Started InventoryControllerWebMvcTest in 1.793 seconds (JVM running for 2.736)
2021-08-03 13:06:28.905  WARN 24181 --- [    Test worker] .w.s.m.s.DefaultHandlerExceptionResolver : Resolved [org.springframework.http.converter.HttpMessageNotReadableException: Required request body is missing: public org.springframework.http.ResponseEntity<java.lang.String> org.jayhenri.ecommerce.controller.InventoryController.updateItem(org.jayhenri.ecommerce.model.Inventory) throws org.jayhenri.ecommerce.exception.InvalidItemException,org.jayhenri.ecommerce.exception.ItemNotFoundException]
2021-08-03 13:06:28.960  WARN 24181 --- [    Test worker] .w.s.m.s.DefaultHandlerExceptionResolver : Resolved [org.springframework.http.converter.HttpMessageNotReadableException: Required request body is missing: public org.springframework.http.ResponseEntity<java.lang.String> org.jayhenri.ecommerce.controller.InventoryController.addItem(org.jayhenri.ecommerce.model.Inventory) throws org.jayhenri.ecommerce.exception.ItemAlreadyExistsException,org.jayhenri.ecommerce.exception.InvalidItemException]
]]></system-out>
  <system-err><![CDATA[]]></system-err>
</testsuite>
