<?xml version="1.0" encoding="UTF-8"?>
<testsuite name="org.jayhenri.ecommerce.controller.customerRegistration.CustomerRegistrationWebMvcTest" tests="4" skipped="0" failures="0" errors="0" timestamp="2021-08-03T16:55:53" hostname="kde-neon" time="0.046">
  <properties/>
  <testcase name="registerThrowsInvalidPostalCodeException()" classname="org.jayhenri.ecommerce.controller.customerRegistration.CustomerRegistrationWebMvcTest" time="0.02"/>
  <testcase name="register()" classname="org.jayhenri.ecommerce.controller.customerRegistration.CustomerRegistrationWebMvcTest" time="0.008"/>
  <testcase name="registerThrowsCustomerAlreadyExistsException()" classname="org.jayhenri.ecommerce.controller.customerRegistration.CustomerRegistrationWebMvcTest" time="0.01"/>
  <testcase name="registerThrowsInvalidCustomerException()" classname="org.jayhenri.ecommerce.controller.customerRegistration.CustomerRegistrationWebMvcTest" time="0.005"/>
  <system-out><![CDATA[2021-08-03 12:55:53.215  INFO 23813 --- [    Test worker] .b.t.a.w.s.WebMvcTestContextBootstrapper : Neither @ContextConfiguration nor @ContextHierarchy found for test class [org.jayhenri.ecommerce.controller.customerRegistration.CustomerRegistrationWebMvcTest], using SpringBootContextLoader
2021-08-03 12:55:53.216  INFO 23813 --- [    Test worker] o.s.t.c.support.AbstractContextLoader    : Could not detect default resource locations for test class [org.jayhenri.ecommerce.controller.customerRegistration.CustomerRegistrationWebMvcTest]: no resource found for suffixes {-context.xml, Context.groovy}.
2021-08-03 12:55:53.216  INFO 23813 --- [    Test worker] t.c.s.AnnotationConfigContextLoaderUtils : Could not detect default configuration classes for test class [org.jayhenri.ecommerce.controller.customerRegistration.CustomerRegistrationWebMvcTest]: CustomerRegistrationWebMvcTest does not declare any static, non-private, non-final, nested classes annotated with @Configuration.
2021-08-03 12:55:53.226  INFO 23813 --- [    Test worker] .b.t.c.SpringBootTestContextBootstrapper : Found @SpringBootConfiguration org.jayhenri.ecommerce.EcommerceApplication for test class org.jayhenri.ecommerce.controller.customerRegistration.CustomerRegistrationWebMvcTest
2021-08-03 12:55:53.227  INFO 23813 --- [    Test worker] .b.t.a.w.s.WebMvcTestContextBootstrapper : Loaded default TestExecutionListener class names from location [META-INF/spring.factories]: [org.springframework.security.test.context.support.WithSecurityContextTestExecutionListener, org.springframework.security.test.context.support.ReactorContextTestExecutionListener, org.springframework.boot.test.autoconfigure.restdocs.RestDocsTestExecutionListener, org.springframework.boot.test.autoconfigure.web.client.MockRestServiceServerResetTestExecutionListener, org.springframework.boot.test.autoconfigure.web.servlet.MockMvcPrintOnlyOnFailureTestExecutionListener, org.springframework.boot.test.autoconfigure.web.servlet.WebDriverTestExecutionListener, org.springframework.boot.test.autoconfigure.webservices.client.MockWebServiceServerTestExecutionListener, org.springframework.boot.test.mock.mockito.MockitoTestExecutionListener, org.springframework.boot.test.mock.mockito.ResetMocksTestExecutionListener, org.springframework.test.context.web.ServletTestExecutionListener, org.springframework.test.context.support.DirtiesContextBeforeModesTestExecutionListener, org.springframework.test.context.event.ApplicationEventsTestExecutionListener, org.springframework.test.context.support.DependencyInjectionTestExecutionListener, org.springframework.test.context.support.DirtiesContextTestExecutionListener, org.springframework.test.context.transaction.TransactionalTestExecutionListener, org.springframework.test.context.jdbc.SqlScriptsTestExecutionListener, org.springframework.test.context.event.EventPublishingTestExecutionListener]
2021-08-03 12:55:53.228  INFO 23813 --- [    Test worker] .b.t.a.w.s.WebMvcTestContextBootstrapper : Using TestExecutionListeners: [org.springframework.test.context.web.ServletTestExecutionListener@245dab7e, org.springframework.test.context.support.DirtiesContextBeforeModesTestExecutionListener@1bbd77de, org.springframework.test.context.event.ApplicationEventsTestExecutionListener@4e955410, org.springframework.boot.test.mock.mockito.MockitoTestExecutionListener@9365388, org.springframework.boot.test.autoconfigure.SpringBootDependencyInjectionTestExecutionListener@40791f8b, org.springframework.test.context.support.DirtiesContextTestExecutionListener@300a83dd, org.springframework.test.context.transaction.TransactionalTestExecutionListener@545b7418, org.springframework.test.context.jdbc.SqlScriptsTestExecutionListener@6fcad708, org.springframework.security.test.context.support.WithSecurityContextTestExecutionListener@6747083d, org.springframework.test.context.event.EventPublishingTestExecutionListener@3b76b63, org.springframework.security.test.context.support.ReactorContextTestExecutionListener@c4324b9, org.springframework.boot.test.autoconfigure.restdocs.RestDocsTestExecutionListener@3588c0ae, org.springframework.boot.test.autoconfigure.web.client.MockRestServiceServerResetTestExecutionListener@6a5130c2, org.springframework.boot.test.autoconfigure.web.servlet.MockMvcPrintOnlyOnFailureTestExecutionListener@5205a298, org.springframework.boot.test.autoconfigure.web.servlet.WebDriverTestExecutionListener@4776328d, org.springframework.boot.test.autoconfigure.webservices.client.MockWebServiceServerTestExecutionListener@3408177d, org.springframework.boot.test.mock.mockito.ResetMocksTestExecutionListener@573ce61e]

  .   ____          _            __ _ _
 /\\ / ___'_ __ _ _(_)_ __  __ _ \ \ \ \
( ( )\___ | '_ | '_| | '_ \/ _` | \ \ \ \
 \\/  ___)| |_)| | | | | || (_| |  ) ) ) )
  '  |____| .__|_| |_|_| |_\__, | / / / /
 =========|_|==============|___/=/_/_/_/
 :: Spring Boot ::                (v2.5.2)

2021-08-03 12:55:53.257  INFO 23813 --- [    Test worker] o.j.e.c.c.CustomerRegistrationWebMvcTest : Starting CustomerRegistrationWebMvcTest using Java 16.0.1 on kde-neon with PID 23813 (started by joshua in /home/joshua/Documents/ecommerce-backend)
2021-08-03 12:55:53.258  INFO 23813 --- [    Test worker] o.j.e.c.c.CustomerRegistrationWebMvcTest : No active profile set, falling back to default profiles: default
2021-08-03 12:55:53.651  INFO 23813 --- [    Test worker] o.s.b.t.m.w.SpringBootMockServletContext : Initializing Spring TestDispatcherServlet ''
2021-08-03 12:55:53.651  INFO 23813 --- [    Test worker] o.s.t.web.servlet.TestDispatcherServlet  : Initializing Servlet ''
2021-08-03 12:55:53.652  INFO 23813 --- [    Test worker] o.s.t.web.servlet.TestDispatcherServlet  : Completed initialization in 1 ms
2021-08-03 12:55:53.662  INFO 23813 --- [    Test worker] o.j.e.c.c.CustomerRegistrationWebMvcTest : Started CustomerRegistrationWebMvcTest in 0.43 seconds (JVM running for 3.554)
2021-08-03 12:55:53.709  WARN 23813 --- [    Test worker] .w.s.m.s.DefaultHandlerExceptionResolver : Resolved [org.springframework.http.converter.HttpMessageNotReadableException: Required request body is missing: public org.springframework.http.ResponseEntity<java.lang.String> org.jayhenri.ecommerce.controller.CustomerRegistrationController.register(org.jayhenri.ecommerce.model.Customer) throws org.jayhenri.ecommerce.exception.CustomerAlreadyExistsException,org.jayhenri.ecommerce.exception.InvalidPostalCodeException,org.jayhenri.ecommerce.exception.InvalidCustomerException]
]]></system-out>
  <system-err><![CDATA[]]></system-err>
</testsuite>
