<?xml version="1.0" encoding="UTF-8"?>
<testsuite name="org.jayhenri.cloud9.inventory.OnlineInventoryControllerUniTest" tests="8" skipped="0" failures="0" errors="0" timestamp="2021-08-25T20:02:07" hostname="kde-laptop" time="0.024">
  <properties/>
  <testcase name="getByIdThrowsItemNotFoundException()" classname="org.jayhenri.cloud9.inventory.OnlineInventoryControllerUniTest" time="0.012"/>
  <testcase name="findAll()" classname="org.jayhenri.cloud9.inventory.OnlineInventoryControllerUniTest" time="0.001"/>
  <testcase name="getByItemName()" classname="org.jayhenri.cloud9.inventory.OnlineInventoryControllerUniTest" time="0.002"/>
  <testcase name="getById()" classname="org.jayhenri.cloud9.inventory.OnlineInventoryControllerUniTest" time="0.002"/>
  <testcase name="removeInventory()" classname="org.jayhenri.cloud9.inventory.OnlineInventoryControllerUniTest" time="0.002"/>
  <testcase name="removeInventoryThrowsItemNotFoundException()" classname="org.jayhenri.cloud9.inventory.OnlineInventoryControllerUniTest" time="0.001"/>
  <testcase name="getByItemNameThrowsItemNotFoundException()" classname="org.jayhenri.cloud9.inventory.OnlineInventoryControllerUniTest" time="0.001"/>
  <testcase name="removeInventoryThrowsInvalidItemException()" classname="org.jayhenri.cloud9.inventory.OnlineInventoryControllerUniTest" time="0.002"/>
  <system-out><![CDATA[]]></system-out>
  <system-err><![CDATA[]]></system-err>
</testsuite>
