<?xml version="1.0" encoding="UTF-8"?>
<testsuite name="org.jayhenri.ecommerce.service.OrderDetailsDBServiceTest" tests="1" skipped="0" failures="0" errors="0" timestamp="2021-07-16T22:14:30" hostname="WIN10-MAIN" time="0.019">
  <properties/>
  <testcase name="addOrderToDB()" classname="org.jayhenri.ecommerce.service.OrderDetailsDBServiceTest" time="0.019"/>
  <system-out><![CDATA[]]></system-out>
  <system-err><![CDATA[]]></system-err>
</testsuite>
