<?xml version="1.0" encoding="UTF-8"?>
<testsuite name="org.jayhenri.cloud9.customer.controller.CartControllerTest" tests="13" skipped="0" failures="0" errors="0" timestamp="2021-08-25T20:02:07" hostname="kde-laptop" time="0.034">
  <properties/>
  <testcase name="addOnlineItemToCart()" classname="org.jayhenri.cloud9.customer.controller.CartControllerTest" time="0.009"/>
  <testcase name="addStoreItemToCartThrowsItemNotFoundException()" classname="org.jayhenri.cloud9.customer.controller.CartControllerTest" time="0.002"/>
  <testcase name="addThrowsInvalidInventoryTypeException()" classname="org.jayhenri.cloud9.customer.controller.CartControllerTest" time="0.001"/>
  <testcase name="addThrowsCustomerNotFoundException()" classname="org.jayhenri.cloud9.customer.controller.CartControllerTest" time="0.001"/>
  <testcase name="remove()" classname="org.jayhenri.cloud9.customer.controller.CartControllerTest" time="0.002"/>
  <testcase name="removeThrowsCustomerNotFoundException()" classname="org.jayhenri.cloud9.customer.controller.CartControllerTest" time="0.002"/>
  <testcase name="get()" classname="org.jayhenri.cloud9.customer.controller.CartControllerTest" time="0.002"/>
  <testcase name="removeThrowsItemNotFoundException()" classname="org.jayhenri.cloud9.customer.controller.CartControllerTest" time="0.002"/>
  <testcase name="empty()" classname="org.jayhenri.cloud9.customer.controller.CartControllerTest" time="0.002"/>
  <testcase name="emptyThrowsCustomerNotFoundException()" classname="org.jayhenri.cloud9.customer.controller.CartControllerTest" time="0.002"/>
  <testcase name="addOnlineItemToCartThrowsItemNotFoundException()" classname="org.jayhenri.cloud9.customer.controller.CartControllerTest" time="0.002"/>
  <testcase name="addStoreItemToCart()" classname="org.jayhenri.cloud9.customer.controller.CartControllerTest" time="0.002"/>
  <testcase name="getThrowsCustomerNotFoundException()" classname="org.jayhenri.cloud9.customer.controller.CartControllerTest" time="0.002"/>
  <system-out><![CDATA[]]></system-out>
  <system-err><![CDATA[]]></system-err>
</testsuite>
