<?xml version="1.0" encoding="UTF-8"?>
<testsuite name="org.jayhenri.ecommerce.service.CustomerServiceTest" tests="19" skipped="4" failures="0" errors="0" timestamp="2021-07-16T21:57:11" hostname="kde-neon" time="0.504">
  <properties/>
  <testcase name="doesNotExistsByPhoneNumber()" classname="org.jayhenri.ecommerce.service.CustomerServiceTest" time="0.461"/>
  <testcase name="findAllCustomers()" classname="org.jayhenri.ecommerce.service.CustomerServiceTest" time="0.0">
    <skipped/>
  </testcase>
  <testcase name="emptyCart()" classname="org.jayhenri.ecommerce.service.CustomerServiceTest" time="0.0">
    <skipped/>
  </testcase>
  <testcase name="delete()" classname="org.jayhenri.ecommerce.service.CustomerServiceTest" time="0.002"/>
  <testcase name="addOrder()" classname="org.jayhenri.ecommerce.service.CustomerServiceTest" time="0.002"/>
  <testcase name="update()" classname="org.jayhenri.ecommerce.service.CustomerServiceTest" time="0.002"/>
  <testcase name="existsByEmail()" classname="org.jayhenri.ecommerce.service.CustomerServiceTest" time="0.002"/>
  <testcase name="updateOrder()" classname="org.jayhenri.ecommerce.service.CustomerServiceTest" time="0.005"/>
  <testcase name="addCreditCard()" classname="org.jayhenri.ecommerce.service.CustomerServiceTest" time="0.002"/>
  <testcase name="findAllOrders()" classname="org.jayhenri.ecommerce.service.CustomerServiceTest" time="0.002"/>
  <testcase name="findAllCreditCards()" classname="org.jayhenri.ecommerce.service.CustomerServiceTest" time="0.002"/>
  <testcase name="getCart()" classname="org.jayhenri.ecommerce.service.CustomerServiceTest" time="0.002"/>
  <testcase name="add()" classname="org.jayhenri.ecommerce.service.CustomerServiceTest" time="0.002"/>
  <testcase name="addToCart()" classname="org.jayhenri.ecommerce.service.CustomerServiceTest" time="0.002"/>
  <testcase name="removeCreditCard()" classname="org.jayhenri.ecommerce.service.CustomerServiceTest" time="0.001">
    <skipped/>
  </testcase>
  <testcase name="existsByPhoneNumber()" classname="org.jayhenri.ecommerce.service.CustomerServiceTest" time="0.003"/>
  <testcase name="getByEmail()" classname="org.jayhenri.ecommerce.service.CustomerServiceTest" time="0.002"/>
  <testcase name="removeFromCart()" classname="org.jayhenri.ecommerce.service.CustomerServiceTest" time="0.0">
    <skipped/>
  </testcase>
  <testcase name="doesNotExistsByEmail()" classname="org.jayhenri.ecommerce.service.CustomerServiceTest" time="0.002"/>
  <system-out><![CDATA[]]></system-out>
  <system-err><![CDATA[]]></system-err>
</testsuite>
