<?xml version="1.0" encoding="UTF-8"?>
<testsuite name="org.jayhenri.cloud9.login.LoginServiceTest" tests="9" skipped="0" failures="0" errors="0" timestamp="2021-08-30T21:19:42" hostname="kde-laptop" time="0.879">
  <properties/>
  <testcase name="doesNotExistsByPhoneNumber()" classname="org.jayhenri.cloud9.login.LoginServiceTest" time="0.833"/>
  <testcase name="delete()" classname="org.jayhenri.cloud9.login.LoginServiceTest" time="0.005"/>
  <testcase name="update()" classname="org.jayhenri.cloud9.login.LoginServiceTest" time="0.004"/>
  <testcase name="findAllLogins()" classname="org.jayhenri.cloud9.login.LoginServiceTest" time="0.004"/>
  <testcase name="getById()" classname="org.jayhenri.cloud9.login.LoginServiceTest" time="0.007"/>
  <testcase name="add()" classname="org.jayhenri.cloud9.login.LoginServiceTest" time="0.004"/>
  <testcase name="existsById()" classname="org.jayhenri.cloud9.login.LoginServiceTest" time="0.005"/>
  <testcase name="existsByPhoneNumber()" classname="org.jayhenri.cloud9.login.LoginServiceTest" time="0.005"/>
  <testcase name="doesNotExistsById()" classname="org.jayhenri.cloud9.login.LoginServiceTest" time="0.004"/>
  <system-out><![CDATA[]]></system-out>
  <system-err><![CDATA[]]></system-err>
</testsuite>
