<?xml version="1.0" encoding="UTF-8"?>
<testsuite name="org.jayhenri.cloud9.customer.service.CartServiceTest" tests="5" skipped="0" failures="0" errors="0" timestamp="2021-08-21T20:01:25" hostname="kde-laptop" time="0.004">
  <properties/>
  <testcase name="emptyCart()" classname="org.jayhenri.cloud9.customer.service.CartServiceTest" time="0.001"/>
  <testcase name="calculate()" classname="org.jayhenri.cloud9.customer.service.CartServiceTest" time="0.001"/>
  <testcase name="getCart()" classname="org.jayhenri.cloud9.customer.service.CartServiceTest" time="0.0"/>
  <testcase name="addToCart()" classname="org.jayhenri.cloud9.customer.service.CartServiceTest" time="0.0"/>
  <testcase name="removeFromCart()" classname="org.jayhenri.cloud9.customer.service.CartServiceTest" time="0.001"/>
  <system-out><![CDATA[]]></system-out>
  <system-err><![CDATA[]]></system-err>
</testsuite>
