<?xml version="1.0" encoding="UTF-8"?>
<testsuite name="org.jayhenri.ecommerce.service.OrderDetailsDBServiceTest" tests="1" skipped="0" failures="0" errors="0" timestamp="2021-08-03T17:06:32" hostname="kde-neon" time="0.021">
  <properties/>
  <testcase name="addOrderToDB()" classname="org.jayhenri.ecommerce.service.OrderDetailsDBServiceTest" time="0.021"/>
  <system-out><![CDATA[]]></system-out>
  <system-err><![CDATA[]]></system-err>
</testsuite>
