<?xml version="1.0" encoding="UTF-8"?>
<testsuite name="org.jayhenri.ecommerce.controller.customer.CustomerControllerWebMvcTest" tests="29" skipped="1" failures="0" errors="0" timestamp="2021-08-03T16:55:54" hostname="kde-neon" time="0.22">
  <properties/>
  <testcase name="addCreditCardThrowsCustomerNotFoundException()" classname="org.jayhenri.ecommerce.controller.customer.CustomerControllerWebMvcTest" time="0.013"/>
  <testcase name="updateCustomerThrowsItemNotFoundException()" classname="org.jayhenri.ecommerce.controller.customer.CustomerControllerWebMvcTest" time="0.006"/>
  <testcase name="removeCreditCardThrowsCustomerNotFoundException()" classname="org.jayhenri.ecommerce.controller.customer.CustomerControllerWebMvcTest" time="0.005"/>
  <testcase name="getCartThrowsCustomerNotFoundException()" classname="org.jayhenri.ecommerce.controller.customer.CustomerControllerWebMvcTest" time="0.006"/>
  <testcase name="deleteCustomer()" classname="org.jayhenri.ecommerce.controller.customer.CustomerControllerWebMvcTest" time="0.026"/>
  <testcase name="emptyCart()" classname="org.jayhenri.ecommerce.controller.customer.CustomerControllerWebMvcTest" time="0.006"/>
  <testcase name="addToCartThrowsItemNotFoundException()" classname="org.jayhenri.ecommerce.controller.customer.CustomerControllerWebMvcTest" time="0.005"/>
  <testcase name="addOrder()" classname="org.jayhenri.ecommerce.controller.customer.CustomerControllerWebMvcTest" time="0.008"/>
  <testcase name="listCreditCardThrowsCustomerNotFoundException()" classname="org.jayhenri.ecommerce.controller.customer.CustomerControllerWebMvcTest" time="0.005"/>
  <testcase name="deleteCustomerThrowsCustomerNotFoundException()" classname="org.jayhenri.ecommerce.controller.customer.CustomerControllerWebMvcTest" time="0.004"/>
  <testcase name="removeFromCartThrowsItemNotFoundException()" classname="org.jayhenri.ecommerce.controller.customer.CustomerControllerWebMvcTest" time="0.005"/>
  <testcase name="updateOrder()" classname="org.jayhenri.ecommerce.controller.customer.CustomerControllerWebMvcTest" time="0.007"/>
  <testcase name="addCreditCard()" classname="org.jayhenri.ecommerce.controller.customer.CustomerControllerWebMvcTest" time="0.007"/>
  <testcase name="addOrderThrowsCustomerNotFoundException()" classname="org.jayhenri.ecommerce.controller.customer.CustomerControllerWebMvcTest" time="0.006"/>
  <testcase name="getCart()" classname="org.jayhenri.ecommerce.controller.customer.CustomerControllerWebMvcTest" time="0.006"/>
  <testcase name="addToCart()" classname="org.jayhenri.ecommerce.controller.customer.CustomerControllerWebMvcTest" time="0.005"/>
  <testcase name="getByEmailThrowsCustomerNotFoundException()" classname="org.jayhenri.ecommerce.controller.customer.CustomerControllerWebMvcTest" time="0.005"/>
  <testcase name="listOrdersThrowsCustomerNotFoundException()" classname="org.jayhenri.ecommerce.controller.customer.CustomerControllerWebMvcTest" time="0.006"/>
  <testcase name="listOrders()" classname="org.jayhenri.ecommerce.controller.customer.CustomerControllerWebMvcTest" time="0.007"/>
  <testcase name="removeCreditCard()" classname="org.jayhenri.ecommerce.controller.customer.CustomerControllerWebMvcTest" time="0.006"/>
  <testcase name="removeFromCartThrowsCustomerNotFoundException()" classname="org.jayhenri.ecommerce.controller.customer.CustomerControllerWebMvcTest" time="0.005"/>
  <testcase name="listCustomers()" classname="org.jayhenri.ecommerce.controller.customer.CustomerControllerWebMvcTest" time="0.0">
    <skipped/>
  </testcase>
  <testcase name="getByEmail()" classname="org.jayhenri.ecommerce.controller.customer.CustomerControllerWebMvcTest" time="0.007"/>
  <testcase name="removeFromCart()" classname="org.jayhenri.ecommerce.controller.customer.CustomerControllerWebMvcTest" time="0.007"/>
  <testcase name="updateCustomer()" classname="org.jayhenri.ecommerce.controller.customer.CustomerControllerWebMvcTest" time="0.008"/>
  <testcase name="listCreditCard()" classname="org.jayhenri.ecommerce.controller.customer.CustomerControllerWebMvcTest" time="0.007"/>
  <testcase name="updateCustomerThrowsInvalidCustomerException()" classname="org.jayhenri.ecommerce.controller.customer.CustomerControllerWebMvcTest" time="0.005"/>
  <testcase name="emptyCartThrowsCustomerNotFoundException()" classname="org.jayhenri.ecommerce.controller.customer.CustomerControllerWebMvcTest" time="0.005"/>
  <testcase name="addToCartThrowsCustomerNotFoundException()" classname="org.jayhenri.ecommerce.controller.customer.CustomerControllerWebMvcTest" time="0.005"/>
  <system-out><![CDATA[2021-08-03 12:55:53.778  INFO 23813 --- [    Test worker] .b.t.a.w.s.WebMvcTestContextBootstrapper : Neither @ContextConfiguration nor @ContextHierarchy found for test class [org.jayhenri.ecommerce.controller.customer.CustomerControllerWebMvcTest], using SpringBootContextLoader
2021-08-03 12:55:53.779  INFO 23813 --- [    Test worker] o.s.t.c.support.AbstractContextLoader    : Could not detect default resource locations for test class [org.jayhenri.ecommerce.controller.customer.CustomerControllerWebMvcTest]: no resource found for suffixes {-context.xml, Context.groovy}.
2021-08-03 12:55:53.779  INFO 23813 --- [    Test worker] t.c.s.AnnotationConfigContextLoaderUtils : Could not detect default configuration classes for test class [org.jayhenri.ecommerce.controller.customer.CustomerControllerWebMvcTest]: CustomerControllerWebMvcTest does not declare any static, non-private, non-final, nested classes annotated with @Configuration.
2021-08-03 12:55:53.784  INFO 23813 --- [    Test worker] .b.t.c.SpringBootTestContextBootstrapper : Found @SpringBootConfiguration org.jayhenri.ecommerce.EcommerceApplication for test class org.jayhenri.ecommerce.controller.customer.CustomerControllerWebMvcTest
2021-08-03 12:55:53.785  INFO 23813 --- [    Test worker] .b.t.a.w.s.WebMvcTestContextBootstrapper : Loaded default TestExecutionListener class names from location [META-INF/spring.factories]: [org.springframework.security.test.context.support.WithSecurityContextTestExecutionListener, org.springframework.security.test.context.support.ReactorContextTestExecutionListener, org.springframework.boot.test.autoconfigure.restdocs.RestDocsTestExecutionListener, org.springframework.boot.test.autoconfigure.web.client.MockRestServiceServerResetTestExecutionListener, org.springframework.boot.test.autoconfigure.web.servlet.MockMvcPrintOnlyOnFailureTestExecutionListener, org.springframework.boot.test.autoconfigure.web.servlet.WebDriverTestExecutionListener, org.springframework.boot.test.autoconfigure.webservices.client.MockWebServiceServerTestExecutionListener, org.springframework.boot.test.mock.mockito.MockitoTestExecutionListener, org.springframework.boot.test.mock.mockito.ResetMocksTestExecutionListener, org.springframework.test.context.web.ServletTestExecutionListener, org.springframework.test.context.support.DirtiesContextBeforeModesTestExecutionListener, org.springframework.test.context.event.ApplicationEventsTestExecutionListener, org.springframework.test.context.support.DependencyInjectionTestExecutionListener, org.springframework.test.context.support.DirtiesContextTestExecutionListener, org.springframework.test.context.transaction.TransactionalTestExecutionListener, org.springframework.test.context.jdbc.SqlScriptsTestExecutionListener, org.springframework.test.context.event.EventPublishingTestExecutionListener]
2021-08-03 12:55:53.786  INFO 23813 --- [    Test worker] .b.t.a.w.s.WebMvcTestContextBootstrapper : Using TestExecutionListeners: [org.springframework.test.context.web.ServletTestExecutionListener@5cbd704d, org.springframework.test.context.support.DirtiesContextBeforeModesTestExecutionListener@190edfb5, org.springframework.test.context.event.ApplicationEventsTestExecutionListener@cd31521, org.springframework.boot.test.mock.mockito.MockitoTestExecutionListener@7d9e563f, org.springframework.boot.test.autoconfigure.SpringBootDependencyInjectionTestExecutionListener@4a967ed9, org.springframework.test.context.support.DirtiesContextTestExecutionListener@250af349, org.springframework.test.context.transaction.TransactionalTestExecutionListener@31e490d4, org.springframework.test.context.jdbc.SqlScriptsTestExecutionListener@3e440779, org.springframework.security.test.context.support.WithSecurityContextTestExecutionListener@47ddd6de, org.springframework.test.context.event.EventPublishingTestExecutionListener@353fe5d7, org.springframework.security.test.context.support.ReactorContextTestExecutionListener@20c8a194, org.springframework.boot.test.autoconfigure.restdocs.RestDocsTestExecutionListener@3ea9153b, org.springframework.boot.test.autoconfigure.web.client.MockRestServiceServerResetTestExecutionListener@17eb5f16, org.springframework.boot.test.autoconfigure.web.servlet.MockMvcPrintOnlyOnFailureTestExecutionListener@5db01161, org.springframework.boot.test.autoconfigure.web.servlet.WebDriverTestExecutionListener@3811df42, org.springframework.boot.test.autoconfigure.webservices.client.MockWebServiceServerTestExecutionListener@4e6715b6, org.springframework.boot.test.mock.mockito.ResetMocksTestExecutionListener@339e083]

  .   ____          _            __ _ _
 /\\ / ___'_ __ _ _(_)_ __  __ _ \ \ \ \
( ( )\___ | '_ | '_| | '_ \/ _` | \ \ \ \
 \\/  ___)| |_)| | | | | || (_| |  ) ) ) )
  '  |____| .__|_| |_|_| |_\__, | / / / /
 =========|_|==============|___/=/_/_/_/
 :: Spring Boot ::                (v2.5.2)

2021-08-03 12:55:53.802  INFO 23813 --- [    Test worker] o.j.e.c.c.CustomerControllerWebMvcTest   : Starting CustomerControllerWebMvcTest using Java 16.0.1 on kde-neon with PID 23813 (started by joshua in /home/joshua/Documents/ecommerce-backend)
2021-08-03 12:55:53.802  INFO 23813 --- [    Test worker] o.j.e.c.c.CustomerControllerWebMvcTest   : No active profile set, falling back to default profiles: default
2021-08-03 12:55:54.157  INFO 23813 --- [    Test worker] o.s.b.t.m.w.SpringBootMockServletContext : Initializing Spring TestDispatcherServlet ''
2021-08-03 12:55:54.157  INFO 23813 --- [    Test worker] o.s.t.web.servlet.TestDispatcherServlet  : Initializing Servlet ''
2021-08-03 12:55:54.157  INFO 23813 --- [    Test worker] o.s.t.web.servlet.TestDispatcherServlet  : Completed initialization in 0 ms
2021-08-03 12:55:54.166  INFO 23813 --- [    Test worker] o.j.e.c.c.CustomerControllerWebMvcTest   : Started CustomerControllerWebMvcTest in 0.378 seconds (JVM running for 4.058)
2021-08-03 12:55:54.372  WARN 23813 --- [    Test worker] .w.s.m.s.DefaultHandlerExceptionResolver : Resolved [org.springframework.http.converter.HttpMessageNotReadableException: Required request body is missing: public org.springframework.http.ResponseEntity<java.lang.String> org.jayhenri.ecommerce.controller.CustomerController.updateCustomer(org.jayhenri.ecommerce.model.Customer) throws org.jayhenri.ecommerce.exception.InvalidCustomerException,org.jayhenri.ecommerce.exception.CustomerNotFoundException]
]]></system-out>
  <system-err><![CDATA[]]></system-err>
</testsuite>
