<?xml version="1.0" encoding="UTF-8"?>
<testsuite name="org.jayhenri.cloud9.customer.service.CreditCardServiceTest" tests="8" skipped="0" failures="0" errors="0" timestamp="2021-08-28T20:38:11" hostname="kde-laptop" time="0.013">
  <properties/>
  <testcase name="doesNotExistsByCCN()" classname="org.jayhenri.cloud9.customer.service.CreditCardServiceTest" time="0.002"/>
  <testcase name="addCreditCard()" classname="org.jayhenri.cloud9.customer.service.CreditCardServiceTest" time="0.002"/>
  <testcase name="findAllCreditCards()" classname="org.jayhenri.cloud9.customer.service.CreditCardServiceTest" time="0.005"/>
  <testcase name="getById()" classname="org.jayhenri.cloud9.customer.service.CreditCardServiceTest" time="0.001"/>
  <testcase name="existsById()" classname="org.jayhenri.cloud9.customer.service.CreditCardServiceTest" time="0.001"/>
  <testcase name="removeCreditCard()" classname="org.jayhenri.cloud9.customer.service.CreditCardServiceTest" time="0.001"/>
  <testcase name="doesNotExistsById()" classname="org.jayhenri.cloud9.customer.service.CreditCardServiceTest" time="0.0"/>
  <testcase name="existsByCCN()" classname="org.jayhenri.cloud9.customer.service.CreditCardServiceTest" time="0.0"/>
  <system-out><![CDATA[]]></system-out>
  <system-err><![CDATA[]]></system-err>
</testsuite>
