<?xml version="1.0" encoding="UTF-8"?>
<testsuite name="org.jayhenri.cloud9.customer.service.AddressServiceTest" tests="2" skipped="0" failures="0" errors="0" timestamp="2021-08-26T17:58:38" hostname="kde-laptop" time="0.002">
  <properties/>
  <testcase name="isValidPostalCode()" classname="org.jayhenri.cloud9.customer.service.AddressServiceTest" time="0.001"/>
  <testcase name="isNotValidPostalCode()" classname="org.jayhenri.cloud9.customer.service.AddressServiceTest" time="0.001"/>
  <system-out><![CDATA[]]></system-out>
  <system-err><![CDATA[]]></system-err>
</testsuite>
