<?xml version="1.0" encoding="UTF-8"?>
<testsuite name="org.jayhenri.ecommerce.service.InventoryServiceTest" tests="7" skipped="0" failures="0" errors="0" timestamp="2021-07-15T20:23:24" hostname="kde-neon" time="0.47">
  <properties/>
  <testcase name="doesNotExistsByProductName()" classname="org.jayhenri.ecommerce.service.InventoryServiceTest" time="0.454"/>
  <testcase name="testAdd()" classname="org.jayhenri.ecommerce.service.InventoryServiceTest" time="0.002"/>
  <testcase name="delete()" classname="org.jayhenri.ecommerce.service.InventoryServiceTest" time="0.002"/>
  <testcase name="getByProductName()" classname="org.jayhenri.ecommerce.service.InventoryServiceTest" time="0.002"/>
  <testcase name="findAll()" classname="org.jayhenri.ecommerce.service.InventoryServiceTest" time="0.002"/>
  <testcase name="existsByProductName()" classname="org.jayhenri.ecommerce.service.InventoryServiceTest" time="0.003"/>
  <testcase name="testUpdate()" classname="org.jayhenri.ecommerce.service.InventoryServiceTest" time="0.002"/>
  <system-out><![CDATA[]]></system-out>
  <system-err><![CDATA[]]></system-err>
</testsuite>
