<?xml version="1.0" encoding="UTF-8"?>
<testsuite name="org.jayhenri.cloud9.inventory.StoreInventoryControllerUniTest" tests="9" skipped="1" failures="0" errors="0" timestamp="2021-08-26T17:58:37" hostname="kde-laptop" time="0.019">
  <properties/>
  <testcase name="getByIdThrowsItemNotFoundException()" classname="org.jayhenri.cloud9.inventory.StoreInventoryControllerUniTest" time="0.002"/>
  <testcase name="findAll()" classname="org.jayhenri.cloud9.inventory.StoreInventoryControllerUniTest" time="0.001"/>
  <testcase name="getByItemName()" classname="org.jayhenri.cloud9.inventory.StoreInventoryControllerUniTest" time="0.002"/>
  <testcase name="getById()" classname="org.jayhenri.cloud9.inventory.StoreInventoryControllerUniTest" time="0.002"/>
  <testcase name="removeInventory()" classname="org.jayhenri.cloud9.inventory.StoreInventoryControllerUniTest" time="0.001"/>
  <testcase name="addItemThrowsInvalidItemException()" classname="org.jayhenri.cloud9.inventory.StoreInventoryControllerUniTest" time="0.001">
    <skipped/>
  </testcase>
  <testcase name="removeInventoryThrowsItemNotFoundException()" classname="org.jayhenri.cloud9.inventory.StoreInventoryControllerUniTest" time="0.002"/>
  <testcase name="getByItemNameThrowsItemNotFoundException()" classname="org.jayhenri.cloud9.inventory.StoreInventoryControllerUniTest" time="0.001"/>
  <testcase name="removeInventoryThrowsInvalidItemException()" classname="org.jayhenri.cloud9.inventory.StoreInventoryControllerUniTest" time="0.001"/>
  <system-out><![CDATA[]]></system-out>
  <system-err><![CDATA[]]></system-err>
</testsuite>
