<?xml version="1.0" encoding="UTF-8"?>
<testsuite name="org.jayhenri.ecommerce.controller.customer.CustomerControllerWebMvcTest" tests="29" skipped="1" failures="0" errors="0" timestamp="2021-08-03T17:06:29" hostname="kde-neon" time="0.222">
  <properties/>
  <testcase name="addCreditCardThrowsCustomerNotFoundException()" classname="org.jayhenri.ecommerce.controller.customer.CustomerControllerWebMvcTest" time="0.012"/>
  <testcase name="updateCustomerThrowsItemNotFoundException()" classname="org.jayhenri.ecommerce.controller.customer.CustomerControllerWebMvcTest" time="0.008"/>
  <testcase name="removeCreditCardThrowsCustomerNotFoundException()" classname="org.jayhenri.ecommerce.controller.customer.CustomerControllerWebMvcTest" time="0.006"/>
  <testcase name="getCartThrowsCustomerNotFoundException()" classname="org.jayhenri.ecommerce.controller.customer.CustomerControllerWebMvcTest" time="0.005"/>
  <testcase name="deleteCustomer()" classname="org.jayhenri.ecommerce.controller.customer.CustomerControllerWebMvcTest" time="0.022"/>
  <testcase name="emptyCart()" classname="org.jayhenri.ecommerce.controller.customer.CustomerControllerWebMvcTest" time="0.005"/>
  <testcase name="addToCartThrowsItemNotFoundException()" classname="org.jayhenri.ecommerce.controller.customer.CustomerControllerWebMvcTest" time="0.006"/>
  <testcase name="addOrder()" classname="org.jayhenri.ecommerce.controller.customer.CustomerControllerWebMvcTest" time="0.009"/>
  <testcase name="listCreditCardThrowsCustomerNotFoundException()" classname="org.jayhenri.ecommerce.controller.customer.CustomerControllerWebMvcTest" time="0.006"/>
  <testcase name="deleteCustomerThrowsCustomerNotFoundException()" classname="org.jayhenri.ecommerce.controller.customer.CustomerControllerWebMvcTest" time="0.006"/>
  <testcase name="removeFromCartThrowsItemNotFoundException()" classname="org.jayhenri.ecommerce.controller.customer.CustomerControllerWebMvcTest" time="0.005"/>
  <testcase name="updateOrder()" classname="org.jayhenri.ecommerce.controller.customer.CustomerControllerWebMvcTest" time="0.007"/>
  <testcase name="addCreditCard()" classname="org.jayhenri.ecommerce.controller.customer.CustomerControllerWebMvcTest" time="0.008"/>
  <testcase name="addOrderThrowsCustomerNotFoundException()" classname="org.jayhenri.ecommerce.controller.customer.CustomerControllerWebMvcTest" time="0.007"/>
  <testcase name="getCart()" classname="org.jayhenri.ecommerce.controller.customer.CustomerControllerWebMvcTest" time="0.008"/>
  <testcase name="addToCart()" classname="org.jayhenri.ecommerce.controller.customer.CustomerControllerWebMvcTest" time="0.007"/>
  <testcase name="getByEmailThrowsCustomerNotFoundException()" classname="org.jayhenri.ecommerce.controller.customer.CustomerControllerWebMvcTest" time="0.006"/>
  <testcase name="listOrdersThrowsCustomerNotFoundException()" classname="org.jayhenri.ecommerce.controller.customer.CustomerControllerWebMvcTest" time="0.005"/>
  <testcase name="listOrders()" classname="org.jayhenri.ecommerce.controller.customer.CustomerControllerWebMvcTest" time="0.006"/>
  <testcase name="removeCreditCard()" classname="org.jayhenri.ecommerce.controller.customer.CustomerControllerWebMvcTest" time="0.007"/>
  <testcase name="removeFromCartThrowsCustomerNotFoundException()" classname="org.jayhenri.ecommerce.controller.customer.CustomerControllerWebMvcTest" time="0.005"/>
  <testcase name="listCustomers()" classname="org.jayhenri.ecommerce.controller.customer.CustomerControllerWebMvcTest" time="0.0">
    <skipped/>
  </testcase>
  <testcase name="getByEmail()" classname="org.jayhenri.ecommerce.controller.customer.CustomerControllerWebMvcTest" time="0.006"/>
  <testcase name="removeFromCart()" classname="org.jayhenri.ecommerce.controller.customer.CustomerControllerWebMvcTest" time="0.007"/>
  <testcase name="updateCustomer()" classname="org.jayhenri.ecommerce.controller.customer.CustomerControllerWebMvcTest" time="0.008"/>
  <testcase name="listCreditCard()" classname="org.jayhenri.ecommerce.controller.customer.CustomerControllerWebMvcTest" time="0.006"/>
  <testcase name="updateCustomerThrowsInvalidCustomerException()" classname="org.jayhenri.ecommerce.controller.customer.CustomerControllerWebMvcTest" time="0.004"/>
  <testcase name="emptyCartThrowsCustomerNotFoundException()" classname="org.jayhenri.ecommerce.controller.customer.CustomerControllerWebMvcTest" time="0.004"/>
  <testcase name="addToCartThrowsCustomerNotFoundException()" classname="org.jayhenri.ecommerce.controller.customer.CustomerControllerWebMvcTest" time="0.004"/>
  <system-out><![CDATA[2021-08-03 13:06:29.632  INFO 24181 --- [    Test worker] .b.t.a.w.s.WebMvcTestContextBootstrapper : Neither @ContextConfiguration nor @ContextHierarchy found for test class [org.jayhenri.ecommerce.controller.customer.CustomerControllerWebMvcTest], using SpringBootContextLoader
2021-08-03 13:06:29.632  INFO 24181 --- [    Test worker] o.s.t.c.support.AbstractContextLoader    : Could not detect default resource locations for test class [org.jayhenri.ecommerce.controller.customer.CustomerControllerWebMvcTest]: no resource found for suffixes {-context.xml, Context.groovy}.
2021-08-03 13:06:29.632  INFO 24181 --- [    Test worker] t.c.s.AnnotationConfigContextLoaderUtils : Could not detect default configuration classes for test class [org.jayhenri.ecommerce.controller.customer.CustomerControllerWebMvcTest]: CustomerControllerWebMvcTest does not declare any static, non-private, non-final, nested classes annotated with @Configuration.
2021-08-03 13:06:29.638  INFO 24181 --- [    Test worker] .b.t.c.SpringBootTestContextBootstrapper : Found @SpringBootConfiguration org.jayhenri.ecommerce.EcommerceApplication for test class org.jayhenri.ecommerce.controller.customer.CustomerControllerWebMvcTest
2021-08-03 13:06:29.638  INFO 24181 --- [    Test worker] .b.t.a.w.s.WebMvcTestContextBootstrapper : Loaded default TestExecutionListener class names from location [META-INF/spring.factories]: [org.springframework.security.test.context.support.WithSecurityContextTestExecutionListener, org.springframework.security.test.context.support.ReactorContextTestExecutionListener, org.springframework.boot.test.autoconfigure.restdocs.RestDocsTestExecutionListener, org.springframework.boot.test.autoconfigure.web.client.MockRestServiceServerResetTestExecutionListener, org.springframework.boot.test.autoconfigure.web.servlet.MockMvcPrintOnlyOnFailureTestExecutionListener, org.springframework.boot.test.autoconfigure.web.servlet.WebDriverTestExecutionListener, org.springframework.boot.test.autoconfigure.webservices.client.MockWebServiceServerTestExecutionListener, org.springframework.boot.test.mock.mockito.MockitoTestExecutionListener, org.springframework.boot.test.mock.mockito.ResetMocksTestExecutionListener, org.springframework.test.context.web.ServletTestExecutionListener, org.springframework.test.context.support.DirtiesContextBeforeModesTestExecutionListener, org.springframework.test.context.event.ApplicationEventsTestExecutionListener, org.springframework.test.context.support.DependencyInjectionTestExecutionListener, org.springframework.test.context.support.DirtiesContextTestExecutionListener, org.springframework.test.context.transaction.TransactionalTestExecutionListener, org.springframework.test.context.jdbc.SqlScriptsTestExecutionListener, org.springframework.test.context.event.EventPublishingTestExecutionListener]
2021-08-03 13:06:29.639  INFO 24181 --- [    Test worker] .b.t.a.w.s.WebMvcTestContextBootstrapper : Using TestExecutionListeners: [org.springframework.test.context.web.ServletTestExecutionListener@57b90da, org.springframework.test.context.support.DirtiesContextBeforeModesTestExecutionListener@7e12d9fe, org.springframework.test.context.event.ApplicationEventsTestExecutionListener@1bcee8d3, org.springframework.boot.test.mock.mockito.MockitoTestExecutionListener@3f77f3be, org.springframework.boot.test.autoconfigure.SpringBootDependencyInjectionTestExecutionListener@665349ca, org.springframework.test.context.support.DirtiesContextTestExecutionListener@ee6a1d7, org.springframework.test.context.transaction.TransactionalTestExecutionListener@628248a8, org.springframework.test.context.jdbc.SqlScriptsTestExecutionListener@62e8ad45, org.springframework.security.test.context.support.WithSecurityContextTestExecutionListener@1e89b5cb, org.springframework.test.context.event.EventPublishingTestExecutionListener@25da57d4, org.springframework.security.test.context.support.ReactorContextTestExecutionListener@556d9ccf, org.springframework.boot.test.autoconfigure.restdocs.RestDocsTestExecutionListener@724891a2, org.springframework.boot.test.autoconfigure.web.client.MockRestServiceServerResetTestExecutionListener@21bc45cd, org.springframework.boot.test.autoconfigure.web.servlet.MockMvcPrintOnlyOnFailureTestExecutionListener@562fd2d9, org.springframework.boot.test.autoconfigure.web.servlet.WebDriverTestExecutionListener@6f9da737, org.springframework.boot.test.autoconfigure.webservices.client.MockWebServiceServerTestExecutionListener@59eefee7, org.springframework.boot.test.mock.mockito.ResetMocksTestExecutionListener@1abf4a3a]

  .   ____          _            __ _ _
 /\\ / ___'_ __ _ _(_)_ __  __ _ \ \ \ \
( ( )\___ | '_ | '_| | '_ \/ _` | \ \ \ \
 \\/  ___)| |_)| | | | | || (_| |  ) ) ) )
  '  |____| .__|_| |_|_| |_\__, | / / / /
 =========|_|==============|___/=/_/_/_/
 :: Spring Boot ::                (v2.5.2)

2021-08-03 13:06:29.653  INFO 24181 --- [    Test worker] o.j.e.c.c.CustomerControllerWebMvcTest   : Starting CustomerControllerWebMvcTest using Java 16.0.1 on kde-neon with PID 24181 (started by joshua in /home/joshua/Documents/ecommerce-backend)
2021-08-03 13:06:29.654  INFO 24181 --- [    Test worker] o.j.e.c.c.CustomerControllerWebMvcTest   : No active profile set, falling back to default profiles: default
2021-08-03 13:06:29.933  INFO 24181 --- [    Test worker] o.s.b.t.m.w.SpringBootMockServletContext : Initializing Spring TestDispatcherServlet ''
2021-08-03 13:06:29.933  INFO 24181 --- [    Test worker] o.s.t.web.servlet.TestDispatcherServlet  : Initializing Servlet ''
2021-08-03 13:06:29.934  INFO 24181 --- [    Test worker] o.s.t.web.servlet.TestDispatcherServlet  : Completed initialization in 1 ms
2021-08-03 13:06:29.941  INFO 24181 --- [    Test worker] o.j.e.c.c.CustomerControllerWebMvcTest   : Started CustomerControllerWebMvcTest in 0.3 seconds (JVM running for 3.973)
2021-08-03 13:06:30.154  WARN 24181 --- [    Test worker] .w.s.m.s.DefaultHandlerExceptionResolver : Resolved [org.springframework.http.converter.HttpMessageNotReadableException: Required request body is missing: public org.springframework.http.ResponseEntity<java.lang.String> org.jayhenri.ecommerce.controller.CustomerController.updateCustomer(org.jayhenri.ecommerce.model.Customer) throws org.jayhenri.ecommerce.exception.InvalidCustomerException,org.jayhenri.ecommerce.exception.CustomerNotFoundException]
]]></system-out>
  <system-err><![CDATA[]]></system-err>
</testsuite>
