<?xml version="1.0" encoding="UTF-8"?>
<testsuite name="org.jayhenri.cloud9.item.ItemServiceTest" tests="10" skipped="0" failures="0" errors="0" timestamp="2021-08-28T20:38:11" hostname="kde-laptop" time="0.059">
  <properties/>
  <testcase name="existsByItemName()" classname="org.jayhenri.cloud9.item.ItemServiceTest" time="0.045"/>
  <testcase name="delete()" classname="org.jayhenri.cloud9.item.ItemServiceTest" time="0.001"/>
  <testcase name="update()" classname="org.jayhenri.cloud9.item.ItemServiceTest" time="0.001"/>
  <testcase name="getByItemName()" classname="org.jayhenri.cloud9.item.ItemServiceTest" time="0.002"/>
  <testcase name="getById()" classname="org.jayhenri.cloud9.item.ItemServiceTest" time="0.002"/>
  <testcase name="add()" classname="org.jayhenri.cloud9.item.ItemServiceTest" time="0.001"/>
  <testcase name="existsById()" classname="org.jayhenri.cloud9.item.ItemServiceTest" time="0.002"/>
  <testcase name="doesNotExistsByItemName()" classname="org.jayhenri.cloud9.item.ItemServiceTest" time="0.001"/>
  <testcase name="doesNotExistsById()" classname="org.jayhenri.cloud9.item.ItemServiceTest" time="0.002"/>
  <testcase name="findAllItems()" classname="org.jayhenri.cloud9.item.ItemServiceTest" time="0.001"/>
  <system-out><![CDATA[]]></system-out>
  <system-err><![CDATA[]]></system-err>
</testsuite>
