<?xml version="1.0" encoding="UTF-8"?>
<testsuite name="org.jayhenri.ecommerce.controller.customer.CustomerControllerUniTest" tests="31" skipped="1" failures="0" errors="0" timestamp="2021-08-03T16:55:53" hostname="kde-neon" time="0.062">
  <properties/>
  <testcase name="addCreditCardThrowsCustomerNotFoundException()" classname="org.jayhenri.ecommerce.controller.customer.CustomerControllerUniTest" time="0.002"/>
  <testcase name="listCreditCardsThrowsCustomerNotFoundException()" classname="org.jayhenri.ecommerce.controller.customer.CustomerControllerUniTest" time="0.002"/>
  <testcase name="removeCreditCardThrowsCustomerNotFoundException()" classname="org.jayhenri.ecommerce.controller.customer.CustomerControllerUniTest" time="0.002"/>
  <testcase name="getCartThrowsCustomerNotFoundException()" classname="org.jayhenri.ecommerce.controller.customer.CustomerControllerUniTest" time="0.002"/>
  <testcase name="deleteCustomer()" classname="org.jayhenri.ecommerce.controller.customer.CustomerControllerUniTest" time="0.002"/>
  <testcase name="emptyCart()" classname="org.jayhenri.ecommerce.controller.customer.CustomerControllerUniTest" time="0.002"/>
  <testcase name="addToCartThrowsItemNotFoundException()" classname="org.jayhenri.ecommerce.controller.customer.CustomerControllerUniTest" time="0.002"/>
  <testcase name="addOrder()" classname="org.jayhenri.ecommerce.controller.customer.CustomerControllerUniTest" time="0.002"/>
  <testcase name="deleteCustomerThrowsCustomerNotFoundException()" classname="org.jayhenri.ecommerce.controller.customer.CustomerControllerUniTest" time="0.001"/>
  <testcase name="removeFromCartThrowsItemNotFoundException()" classname="org.jayhenri.ecommerce.controller.customer.CustomerControllerUniTest" time="0.001"/>
  <testcase name="updateOrder()" classname="org.jayhenri.ecommerce.controller.customer.CustomerControllerUniTest" time="0.002"/>
  <testcase name="addCreditCard()" classname="org.jayhenri.ecommerce.controller.customer.CustomerControllerUniTest" time="0.002"/>
  <testcase name="addOrderThrowsCustomerNotFoundException()" classname="org.jayhenri.ecommerce.controller.customer.CustomerControllerUniTest" time="0.001"/>
  <testcase name="getCart()" classname="org.jayhenri.ecommerce.controller.customer.CustomerControllerUniTest" time="0.002"/>
  <testcase name="addToCart()" classname="org.jayhenri.ecommerce.controller.customer.CustomerControllerUniTest" time="0.002"/>
  <testcase name="getByEmailThrowsCustomerNotFoundException()" classname="org.jayhenri.ecommerce.controller.customer.CustomerControllerUniTest" time="0.003"/>
  <testcase name="listOrdersThrowsCustomerNotFoundException()" classname="org.jayhenri.ecommerce.controller.customer.CustomerControllerUniTest" time="0.002"/>
  <testcase name="updateOrderThrowsCustomerNotFoundException()" classname="org.jayhenri.ecommerce.controller.customer.CustomerControllerUniTest" time="0.002"/>
  <testcase name="listOrders()" classname="org.jayhenri.ecommerce.controller.customer.CustomerControllerUniTest" time="0.002"/>
  <testcase name="removeCreditCard()" classname="org.jayhenri.ecommerce.controller.customer.CustomerControllerUniTest" time="0.002"/>
  <testcase name="updateCustomerThrowsCustomerNotFoundException()" classname="org.jayhenri.ecommerce.controller.customer.CustomerControllerUniTest" time="0.002"/>
  <testcase name="removeFromCartThrowsCustomerNotFoundException()" classname="org.jayhenri.ecommerce.controller.customer.CustomerControllerUniTest" time="0.002"/>
  <testcase name="listCustomers()" classname="org.jayhenri.ecommerce.controller.customer.CustomerControllerUniTest" time="0.0">
    <skipped/>
  </testcase>
  <testcase name="getByEmailThrowsInvalidNameException()" classname="org.jayhenri.ecommerce.controller.customer.CustomerControllerUniTest" time="0.001"/>
  <testcase name="getByEmail()" classname="org.jayhenri.ecommerce.controller.customer.CustomerControllerUniTest" time="0.001"/>
  <testcase name="removeFromCart()" classname="org.jayhenri.ecommerce.controller.customer.CustomerControllerUniTest" time="0.002"/>
  <testcase name="updateCustomer()" classname="org.jayhenri.ecommerce.controller.customer.CustomerControllerUniTest" time="0.001"/>
  <testcase name="updateCustomerThrowsInvalidCustomerException()" classname="org.jayhenri.ecommerce.controller.customer.CustomerControllerUniTest" time="0.001"/>
  <testcase name="emptyCartThrowsCustomerNotFoundException()" classname="org.jayhenri.ecommerce.controller.customer.CustomerControllerUniTest" time="0.001"/>
  <testcase name="addToCartThrowsCustomerNotFoundException()" classname="org.jayhenri.ecommerce.controller.customer.CustomerControllerUniTest" time="0.001"/>
  <testcase name="listCreditCards()" classname="org.jayhenri.ecommerce.controller.customer.CustomerControllerUniTest" time="0.001"/>
  <system-out><![CDATA[]]></system-out>
  <system-err><![CDATA[]]></system-err>
</testsuite>
