<?xml version="1.0" encoding="UTF-8"?>
<testsuite name="org.jayhenri.ecommerce.service.InventoryServiceTest" tests="7" skipped="0" failures="0" errors="0" timestamp="2021-07-16T22:14:30" hostname="WIN10-MAIN" time="0.029">
  <properties/>
  <testcase name="doesNotExistsByProductName()" classname="org.jayhenri.ecommerce.service.InventoryServiceTest" time="0.022"/>
  <testcase name="delete()" classname="org.jayhenri.ecommerce.service.InventoryServiceTest" time="0.001"/>
  <testcase name="getByProductName()" classname="org.jayhenri.ecommerce.service.InventoryServiceTest" time="0.001"/>
  <testcase name="findAll()" classname="org.jayhenri.ecommerce.service.InventoryServiceTest" time="0.001"/>
  <testcase name="update()" classname="org.jayhenri.ecommerce.service.InventoryServiceTest" time="0.001"/>
  <testcase name="add()" classname="org.jayhenri.ecommerce.service.InventoryServiceTest" time="0.001"/>
  <testcase name="existsByProductName()" classname="org.jayhenri.ecommerce.service.InventoryServiceTest" time="0.002"/>
  <system-out><![CDATA[]]></system-out>
  <system-err><![CDATA[]]></system-err>
</testsuite>
