<?xml version="1.0" encoding="UTF-8"?>
<testsuite name="org.jayhenri.cloud9.inventory.OnlineInventoryControllerUniTest" tests="14" skipped="0" failures="0" errors="0" timestamp="2021-08-28T20:38:11" hostname="kde-laptop" time="0.043">
  <properties/>
  <testcase name="getByIdThrowsItemNotFoundException()" classname="org.jayhenri.cloud9.inventory.OnlineInventoryControllerUniTest" time="0.017"/>
  <testcase name="updateInventoryThrowsItemNotFoundException()" classname="org.jayhenri.cloud9.inventory.OnlineInventoryControllerUniTest" time="0.002"/>
  <testcase name="delete()" classname="org.jayhenri.cloud9.inventory.OnlineInventoryControllerUniTest" time="0.002"/>
  <testcase name="deleteThrowsItemNotFoundException()" classname="org.jayhenri.cloud9.inventory.OnlineInventoryControllerUniTest" time="0.001"/>
  <testcase name="findAll()" classname="org.jayhenri.cloud9.inventory.OnlineInventoryControllerUniTest" time="0.001"/>
  <testcase name="update()" classname="org.jayhenri.cloud9.inventory.OnlineInventoryControllerUniTest" time="0.001"/>
  <testcase name="getByItemName()" classname="org.jayhenri.cloud9.inventory.OnlineInventoryControllerUniTest" time="0.001"/>
  <testcase name="addThrowsInvalidInventoryException()" classname="org.jayhenri.cloud9.inventory.OnlineInventoryControllerUniTest" time="0.001"/>
  <testcase name="getById()" classname="org.jayhenri.cloud9.inventory.OnlineInventoryControllerUniTest" time="0.001"/>
  <testcase name="add()" classname="org.jayhenri.cloud9.inventory.OnlineInventoryControllerUniTest" time="0.002"/>
  <testcase name="updateInventoryThrowsInvalidItemException()" classname="org.jayhenri.cloud9.inventory.OnlineInventoryControllerUniTest" time="0.001"/>
  <testcase name="addThrowsInventoryAlreadyExistsException()" classname="org.jayhenri.cloud9.inventory.OnlineInventoryControllerUniTest" time="0.001"/>
  <testcase name="getByItemNameThrowsItemNotFoundException()" classname="org.jayhenri.cloud9.inventory.OnlineInventoryControllerUniTest" time="0.002"/>
  <testcase name="addThrowsItemNotFoundException()" classname="org.jayhenri.cloud9.inventory.OnlineInventoryControllerUniTest" time="0.002"/>
  <system-out><![CDATA[]]></system-out>
  <system-err><![CDATA[]]></system-err>
</testsuite>
