<?xml version="1.0" encoding="UTF-8"?>
<testsuite name="org.jayhenri.ecommerce.service.CustomerServiceTest" tests="17" skipped="13" failures="0" errors="0" timestamp="2021-07-15T20:23:24" hostname="kde-neon" time="0.024">
  <properties/>
  <testcase name="findAllCustomers()" classname="org.jayhenri.ecommerce.service.CustomerServiceTest" time="0.001">
    <skipped/>
  </testcase>
  <testcase name="emptyCart()" classname="org.jayhenri.ecommerce.service.CustomerServiceTest" time="0.0">
    <skipped/>
  </testcase>
  <testcase name="delete()" classname="org.jayhenri.ecommerce.service.CustomerServiceTest" time="0.002"/>
  <testcase name="addOrder()" classname="org.jayhenri.ecommerce.service.CustomerServiceTest" time="0.0">
    <skipped/>
  </testcase>
  <testcase name="update()" classname="org.jayhenri.ecommerce.service.CustomerServiceTest" time="0.002"/>
  <testcase name="existsByEmail()" classname="org.jayhenri.ecommerce.service.CustomerServiceTest" time="0.0">
    <skipped/>
  </testcase>
  <testcase name="updateOrder()" classname="org.jayhenri.ecommerce.service.CustomerServiceTest" time="0.0">
    <skipped/>
  </testcase>
  <testcase name="addCreditCard()" classname="org.jayhenri.ecommerce.service.CustomerServiceTest" time="0.0">
    <skipped/>
  </testcase>
  <testcase name="findAllOrders()" classname="org.jayhenri.ecommerce.service.CustomerServiceTest" time="0.0">
    <skipped/>
  </testcase>
  <testcase name="findAllCreditCards()" classname="org.jayhenri.ecommerce.service.CustomerServiceTest" time="0.0">
    <skipped/>
  </testcase>
  <testcase name="getCart()" classname="org.jayhenri.ecommerce.service.CustomerServiceTest" time="0.0">
    <skipped/>
  </testcase>
  <testcase name="add()" classname="org.jayhenri.ecommerce.service.CustomerServiceTest" time="0.004"/>
  <testcase name="addToCart()" classname="org.jayhenri.ecommerce.service.CustomerServiceTest" time="0.0">
    <skipped/>
  </testcase>
  <testcase name="removeCreditCard()" classname="org.jayhenri.ecommerce.service.CustomerServiceTest" time="0.0">
    <skipped/>
  </testcase>
  <testcase name="existsByPhoneNumber()" classname="org.jayhenri.ecommerce.service.CustomerServiceTest" time="0.002"/>
  <testcase name="getByEmail()" classname="org.jayhenri.ecommerce.service.CustomerServiceTest" time="0.0">
    <skipped/>
  </testcase>
  <testcase name="removeFromCart()" classname="org.jayhenri.ecommerce.service.CustomerServiceTest" time="0.0">
    <skipped/>
  </testcase>
  <system-out><![CDATA[]]></system-out>
  <system-err><![CDATA[]]></system-err>
</testsuite>
