<?xml version="1.0" encoding="UTF-8"?>
<testsuite name="org.jayhenri.ecommerce.controller.inventory.InventoryControllerUniTest" tests="12" skipped="0" failures="0" errors="0" timestamp="2021-08-03T17:06:29" hostname="kde-neon" time="0.065">
  <properties/>
  <testcase name="addItemThrowsItemAlreadyExistsException()" classname="org.jayhenri.ecommerce.controller.inventory.InventoryControllerUniTest" time="0.013"/>
  <testcase name="getByProductNameThrowsItemNotFoundException()" classname="org.jayhenri.ecommerce.controller.inventory.InventoryControllerUniTest" time="0.002"/>
  <testcase name="getByProductName()" classname="org.jayhenri.ecommerce.controller.inventory.InventoryControllerUniTest" time="0.031"/>
  <testcase name="addItem()" classname="org.jayhenri.ecommerce.controller.inventory.InventoryControllerUniTest" time="0.001"/>
  <testcase name="removeItemThrowsItemNotFoundException()" classname="org.jayhenri.ecommerce.controller.inventory.InventoryControllerUniTest" time="0.001"/>
  <testcase name="updateItemThrowsInvalidItemException()" classname="org.jayhenri.ecommerce.controller.inventory.InventoryControllerUniTest" time="0.001"/>
  <testcase name="findAll()" classname="org.jayhenri.ecommerce.controller.inventory.InventoryControllerUniTest" time="0.001"/>
  <testcase name="updateItem()" classname="org.jayhenri.ecommerce.controller.inventory.InventoryControllerUniTest" time="0.002"/>
  <testcase name="updateItemThrowsItemNotFoundException()" classname="org.jayhenri.ecommerce.controller.inventory.InventoryControllerUniTest" time="0.001"/>
  <testcase name="removeItemThrowsInvalidItemException()" classname="org.jayhenri.ecommerce.controller.inventory.InventoryControllerUniTest" time="0.001"/>
  <testcase name="addItemThrowsInvalidItemException()" classname="org.jayhenri.ecommerce.controller.inventory.InventoryControllerUniTest" time="0.001"/>
  <testcase name="removeItem()" classname="org.jayhenri.ecommerce.controller.inventory.InventoryControllerUniTest" time="0.003"/>
  <system-out><![CDATA[]]></system-out>
  <system-err><![CDATA[]]></system-err>
</testsuite>
