<?xml version="1.0" encoding="UTF-8"?>
<testsuite name="org.jayhenri.cloud9.customer.service.OrdersServiceTest" tests="6" skipped="0" failures="0" errors="0" timestamp="2021-08-17T03:54:41" hostname="kde-neon" time="0.043">
  <properties/>
  <testcase name="addOrder()" classname="org.jayhenri.cloud9.customer.service.OrdersServiceTest" time="0.031"/>
  <testcase name="updateOrder()" classname="org.jayhenri.cloud9.customer.service.OrdersServiceTest" time="0.002"/>
  <testcase name="findAllOrders()" classname="org.jayhenri.cloud9.customer.service.OrdersServiceTest" time="0.004"/>
  <testcase name="getById()" classname="org.jayhenri.cloud9.customer.service.OrdersServiceTest" time="0.001"/>
  <testcase name="existsById()" classname="org.jayhenri.cloud9.customer.service.OrdersServiceTest" time="0.001"/>
  <testcase name="doesNotExistsById()" classname="org.jayhenri.cloud9.customer.service.OrdersServiceTest" time="0.001"/>
  <system-out><![CDATA[]]></system-out>
  <system-err><![CDATA[]]></system-err>
</testsuite>
