<?xml version="1.0" encoding="UTF-8"?>
<testsuite name="org.jayhenri.cloud9.inventory.StoreInventoryControllerUniTest" tests="14" skipped="0" failures="0" errors="0" timestamp="2021-08-30T21:19:43" hostname="kde-laptop" time="0.088">
  <properties/>
  <testcase name="getByIdThrowsItemNotFoundException()" classname="org.jayhenri.cloud9.inventory.StoreInventoryControllerUniTest" time="0.005"/>
  <testcase name="updateInventoryThrowsItemNotFoundException()" classname="org.jayhenri.cloud9.inventory.StoreInventoryControllerUniTest" time="0.005"/>
  <testcase name="delete()" classname="org.jayhenri.cloud9.inventory.StoreInventoryControllerUniTest" time="0.006"/>
  <testcase name="deleteThrowsItemNotFoundException()" classname="org.jayhenri.cloud9.inventory.StoreInventoryControllerUniTest" time="0.005"/>
  <testcase name="findAll()" classname="org.jayhenri.cloud9.inventory.StoreInventoryControllerUniTest" time="0.003"/>
  <testcase name="update()" classname="org.jayhenri.cloud9.inventory.StoreInventoryControllerUniTest" time="0.007"/>
  <testcase name="getByItemName()" classname="org.jayhenri.cloud9.inventory.StoreInventoryControllerUniTest" time="0.008"/>
  <testcase name="addThrowsInvalidInventoryException()" classname="org.jayhenri.cloud9.inventory.StoreInventoryControllerUniTest" time="0.002"/>
  <testcase name="getById()" classname="org.jayhenri.cloud9.inventory.StoreInventoryControllerUniTest" time="0.005"/>
  <testcase name="add()" classname="org.jayhenri.cloud9.inventory.StoreInventoryControllerUniTest" time="0.006"/>
  <testcase name="updateInventoryThrowsInvalidItemException()" classname="org.jayhenri.cloud9.inventory.StoreInventoryControllerUniTest" time="0.004"/>
  <testcase name="addThrowsInventoryAlreadyExistsException()" classname="org.jayhenri.cloud9.inventory.StoreInventoryControllerUniTest" time="0.003"/>
  <testcase name="getByItemNameThrowsItemNotFoundException()" classname="org.jayhenri.cloud9.inventory.StoreInventoryControllerUniTest" time="0.004"/>
  <testcase name="addThrowsItemNotFoundException()" classname="org.jayhenri.cloud9.inventory.StoreInventoryControllerUniTest" time="0.004"/>
  <system-out><![CDATA[]]></system-out>
  <system-err><![CDATA[]]></system-err>
</testsuite>
