<?xml version="1.0" encoding="UTF-8"?>
<testsuite name="org.jayhenri.ecommerce.service.InventoryServiceTest" tests="7" skipped="0" failures="0" errors="0" timestamp="2021-07-28T01:40:29" hostname="kde-neon" time="0.043">
  <properties/>
  <testcase name="doesNotExistsByProductName()" classname="org.jayhenri.ecommerce.service.InventoryServiceTest" time="0.037"/>
  <testcase name="delete()" classname="org.jayhenri.ecommerce.service.InventoryServiceTest" time="0.001"/>
  <testcase name="getByProductName()" classname="org.jayhenri.ecommerce.service.InventoryServiceTest" time="0.0"/>
  <testcase name="findAll()" classname="org.jayhenri.ecommerce.service.InventoryServiceTest" time="0.001"/>
  <testcase name="update()" classname="org.jayhenri.ecommerce.service.InventoryServiceTest" time="0.0"/>
  <testcase name="add()" classname="org.jayhenri.ecommerce.service.InventoryServiceTest" time="0.0"/>
  <testcase name="existsByProductName()" classname="org.jayhenri.ecommerce.service.InventoryServiceTest" time="0.001"/>
  <system-out><![CDATA[]]></system-out>
  <system-err><![CDATA[]]></system-err>
</testsuite>
