<?xml version="1.0" encoding="UTF-8"?>
<testsuite name="org.jayhenri.cloud9.customer.controller.CustomerControllerUniTest" tests="9" skipped="1" failures="0" errors="0" timestamp="2021-08-18T12:00:23" hostname="kde-neon" time="0.403">
  <properties/>
  <testcase name="addCustomerThrowsCustomerAlreadyExistsException()" classname="org.jayhenri.cloud9.customer.controller.CustomerControllerUniTest" time="0.343"/>
  <testcase name="deleteCustomer()" classname="org.jayhenri.cloud9.customer.controller.CustomerControllerUniTest" time="0.038"/>
  <testcase name="deleteCustomerThrowsCustomerNotFoundException()" classname="org.jayhenri.cloud9.customer.controller.CustomerControllerUniTest" time="0.002"/>
  <testcase name="addCustomerThrowsInvalidPostalCodeException()" classname="org.jayhenri.cloud9.customer.controller.CustomerControllerUniTest" time="0.002"/>
  <testcase name="addCustomer()" classname="org.jayhenri.cloud9.customer.controller.CustomerControllerUniTest" time="0.003"/>
  <testcase name="updateCustomerThrowsCustomerNotFoundException()" classname="org.jayhenri.cloud9.customer.controller.CustomerControllerUniTest" time="0.002"/>
  <testcase name="listCustomers()" classname="org.jayhenri.cloud9.customer.controller.CustomerControllerUniTest" time="0.001">
    <skipped/>
  </testcase>
  <testcase name="updateCustomer()" classname="org.jayhenri.cloud9.customer.controller.CustomerControllerUniTest" time="0.003"/>
  <testcase name="updateCustomerThrowsInvalidCustomerException()" classname="org.jayhenri.cloud9.customer.controller.CustomerControllerUniTest" time="0.002"/>
  <system-out><![CDATA[]]></system-out>
  <system-err><![CDATA[]]></system-err>
</testsuite>
