<?xml version="1.0" encoding="UTF-8"?>
<testsuite name="org.jayhenri.cloud9.inventory.StoreInventoryServiceTest" tests="9" skipped="0" failures="0" errors="0" timestamp="2021-08-22T15:16:30" hostname="kde-laptop" time="0.043">
  <properties/>
  <testcase name="existsByItemName()" classname="org.jayhenri.cloud9.inventory.StoreInventoryServiceTest" time="0.031"/>
  <testcase name="delete()" classname="org.jayhenri.cloud9.inventory.StoreInventoryServiceTest" time="0.001"/>
  <testcase name="update()" classname="org.jayhenri.cloud9.inventory.StoreInventoryServiceTest" time="0.001"/>
  <testcase name="getByItemName()" classname="org.jayhenri.cloud9.inventory.StoreInventoryServiceTest" time="0.001"/>
  <testcase name="findAllInventories()" classname="org.jayhenri.cloud9.inventory.StoreInventoryServiceTest" time="0.001"/>
  <testcase name="getById()" classname="org.jayhenri.cloud9.inventory.StoreInventoryServiceTest" time="0.001"/>
  <testcase name="existsById()" classname="org.jayhenri.cloud9.inventory.StoreInventoryServiceTest" time="0.001"/>
  <testcase name="doesNotExistsByItemName()" classname="org.jayhenri.cloud9.inventory.StoreInventoryServiceTest" time="0.001"/>
  <testcase name="doesNotExistsById()" classname="org.jayhenri.cloud9.inventory.StoreInventoryServiceTest" time="0.002"/>
  <system-out><![CDATA[]]></system-out>
  <system-err><![CDATA[]]></system-err>
</testsuite>
