<?xml version="1.0" encoding="UTF-8"?>
<testsuite name="org.jayhenri.cloud9.item.ItemServiceTest" tests="10" skipped="0" failures="0" errors="0" timestamp="2021-08-17T03:54:41" hostname="kde-neon" time="0.054">
  <properties/>
  <testcase name="existsByItemName()" classname="org.jayhenri.cloud9.item.ItemServiceTest" time="0.032"/>
  <testcase name="delete()" classname="org.jayhenri.cloud9.item.ItemServiceTest" time="0.002"/>
  <testcase name="update()" classname="org.jayhenri.cloud9.item.ItemServiceTest" time="0.002"/>
  <testcase name="getByItemName()" classname="org.jayhenri.cloud9.item.ItemServiceTest" time="0.002"/>
  <testcase name="getById()" classname="org.jayhenri.cloud9.item.ItemServiceTest" time="0.003"/>
  <testcase name="add()" classname="org.jayhenri.cloud9.item.ItemServiceTest" time="0.002"/>
  <testcase name="existsById()" classname="org.jayhenri.cloud9.item.ItemServiceTest" time="0.002"/>
  <testcase name="doesNotExistsByItemName()" classname="org.jayhenri.cloud9.item.ItemServiceTest" time="0.002"/>
  <testcase name="doesNotExistsById()" classname="org.jayhenri.cloud9.item.ItemServiceTest" time="0.002"/>
  <testcase name="findAllItems()" classname="org.jayhenri.cloud9.item.ItemServiceTest" time="0.002"/>
  <system-out><![CDATA[]]></system-out>
  <system-err><![CDATA[]]></system-err>
</testsuite>
