<?xml version="1.0" encoding="UTF-8"?>
<testsuite name="org.jayhenri.cloud9.item.ReviewServiceTest" tests="6" skipped="0" failures="0" errors="0" timestamp="2021-08-30T21:19:43" hostname="kde-laptop" time="0.05">
  <properties/>
  <testcase name="delete()" classname="org.jayhenri.cloud9.item.ReviewServiceTest" time="0.032"/>
  <testcase name="update()" classname="org.jayhenri.cloud9.item.ReviewServiceTest" time="0.003"/>
  <testcase name="getById()" classname="org.jayhenri.cloud9.item.ReviewServiceTest" time="0.002"/>
  <testcase name="add()" classname="org.jayhenri.cloud9.item.ReviewServiceTest" time="0.004"/>
  <testcase name="existsById()" classname="org.jayhenri.cloud9.item.ReviewServiceTest" time="0.001"/>
  <testcase name="findAllReviews()" classname="org.jayhenri.cloud9.item.ReviewServiceTest" time="0.003"/>
  <system-out><![CDATA[]]></system-out>
  <system-err><![CDATA[]]></system-err>
</testsuite>
