<?xml version="1.0" encoding="UTF-8"?>
<testsuite name="org.jayhenri.cloud9.item.ReviewServiceTest" tests="6" skipped="0" failures="0" errors="0" timestamp="2021-08-27T11:37:47" hostname="kde-laptop" time="0.028">
  <properties/>
  <testcase name="delete()" classname="org.jayhenri.cloud9.item.ReviewServiceTest" time="0.018"/>
  <testcase name="update()" classname="org.jayhenri.cloud9.item.ReviewServiceTest" time="0.002"/>
  <testcase name="getById()" classname="org.jayhenri.cloud9.item.ReviewServiceTest" time="0.002"/>
  <testcase name="add()" classname="org.jayhenri.cloud9.item.ReviewServiceTest" time="0.002"/>
  <testcase name="existsById()" classname="org.jayhenri.cloud9.item.ReviewServiceTest" time="0.002"/>
  <testcase name="findAllReviews()" classname="org.jayhenri.cloud9.item.ReviewServiceTest" time="0.001"/>
  <system-out><![CDATA[]]></system-out>
  <system-err><![CDATA[]]></system-err>
</testsuite>
