<?xml version="1.0" encoding="UTF-8"?>
<testsuite name="org.jayhenri.cloud9.item.ReviewControllerTest" tests="14" skipped="0" failures="0" errors="0" timestamp="2021-08-28T12:44:02" hostname="kde-laptop" time="0.051">
  <properties/>
  <testcase name="delete()" classname="org.jayhenri.cloud9.item.ReviewControllerTest" time="0.017"/>
  <testcase name="getThrowsItemNotFoundException()" classname="org.jayhenri.cloud9.item.ReviewControllerTest" time="0.003"/>
  <testcase name="deleteThrowsItemNotFoundException()" classname="org.jayhenri.cloud9.item.ReviewControllerTest" time="0.003"/>
  <testcase name="updateThrowsReviewNotFoundException()" classname="org.jayhenri.cloud9.item.ReviewControllerTest" time="0.003"/>
  <testcase name="update()" classname="org.jayhenri.cloud9.item.ReviewControllerTest" time="0.003"/>
  <testcase name="getThrowsReviewNotFoundException()" classname="org.jayhenri.cloud9.item.ReviewControllerTest" time="0.003"/>
  <testcase name="addThrowsInvalidReviewException()" classname="org.jayhenri.cloud9.item.ReviewControllerTest" time="0.002"/>
  <testcase name="add()" classname="org.jayhenri.cloud9.item.ReviewControllerTest" time="0.003"/>
  <testcase name="get()" classname="org.jayhenri.cloud9.item.ReviewControllerTest" time="0.004"/>
  <testcase name="getThrowsInvalidReviewException()" classname="org.jayhenri.cloud9.item.ReviewControllerTest" time="0.001"/>
  <testcase name="updateThrowsItemNotFoundException()" classname="org.jayhenri.cloud9.item.ReviewControllerTest" time="0.001"/>
  <testcase name="updateThrowsInvalidReviewException()" classname="org.jayhenri.cloud9.item.ReviewControllerTest" time="0.001"/>
  <testcase name="deleteThrowsReviewNotFoundException()" classname="org.jayhenri.cloud9.item.ReviewControllerTest" time="0.001"/>
  <testcase name="addThrowsItemNotFoundException()" classname="org.jayhenri.cloud9.item.ReviewControllerTest" time="0.001"/>
  <system-out><![CDATA[]]></system-out>
  <system-err><![CDATA[]]></system-err>
</testsuite>
