<?xml version="1.0" encoding="UTF-8"?>
<testsuite name="org.jayhenri.ecommerce.controller.inventory.InventoryControllerWebMvcTest" tests="12" skipped="1" failures="0" errors="0" timestamp="2021-07-28T01:40:26" hostname="kde-neon" time="0.34">
  <properties/>
  <testcase name="getByProductNameThrowsItemNotFoundException()" classname="org.jayhenri.ecommerce.controller.inventory.InventoryControllerWebMvcTest" time="0.115"/>
  <testcase name="getByProductName()" classname="org.jayhenri.ecommerce.controller.inventory.InventoryControllerWebMvcTest" time="0.076"/>
  <testcase name="updateItemThrowsInvalidItemException()" classname="org.jayhenri.ecommerce.controller.inventory.InventoryControllerWebMvcTest" time="0.047"/>
  <testcase name="findAll()" classname="org.jayhenri.ecommerce.controller.inventory.InventoryControllerWebMvcTest" time="0.009"/>
  <testcase name="updateItem()" classname="org.jayhenri.ecommerce.controller.inventory.InventoryControllerWebMvcTest" time="0.024"/>
  <testcase name="updateItemThrowsItemNotFoundException()" classname="org.jayhenri.ecommerce.controller.inventory.InventoryControllerWebMvcTest" time="0.012"/>
  <testcase name="removeItemToInventory()" classname="org.jayhenri.ecommerce.controller.inventory.InventoryControllerWebMvcTest" time="0.009"/>
  <testcase name="addItemToInventoryThrowsInvalidItemException()" classname="org.jayhenri.ecommerce.controller.inventory.InventoryControllerWebMvcTest" time="0.001">
    <skipped/>
  </testcase>
  <testcase name="addItemToInventoryThrowsItemAlreadyExistsException()" classname="org.jayhenri.ecommerce.controller.inventory.InventoryControllerWebMvcTest" time="0.01"/>
  <testcase name="addItemToInventory()" classname="org.jayhenri.ecommerce.controller.inventory.InventoryControllerWebMvcTest" time="0.01"/>
  <testcase name="removeItemToInventoryThrowsInvalidItemException()" classname="org.jayhenri.ecommerce.controller.inventory.InventoryControllerWebMvcTest" time="0.008"/>
  <testcase name="removeItemToInventoryThrowsItemNotFoundException()" classname="org.jayhenri.ecommerce.controller.inventory.InventoryControllerWebMvcTest" time="0.004"/>
  <system-out><![CDATA[21:40:24.012 [Test worker] DEBUG org.springframework.test.context.BootstrapUtils - Instantiating CacheAwareContextLoaderDelegate from class [org.springframework.test.context.cache.DefaultCacheAwareContextLoaderDelegate]
21:40:24.022 [Test worker] DEBUG org.springframework.test.context.BootstrapUtils - Instantiating BootstrapContext using constructor [public org.springframework.test.context.support.DefaultBootstrapContext(java.lang.Class,org.springframework.test.context.CacheAwareContextLoaderDelegate)]
21:40:24.055 [Test worker] DEBUG org.springframework.test.context.BootstrapUtils - Instantiating TestContextBootstrapper for test class [org.jayhenri.ecommerce.controller.inventory.InventoryControllerWebMvcTest] from class [org.springframework.boot.test.autoconfigure.web.servlet.WebMvcTestContextBootstrapper]
21:40:24.063 [Test worker] INFO org.springframework.boot.test.autoconfigure.web.servlet.WebMvcTestContextBootstrapper - Neither @ContextConfiguration nor @ContextHierarchy found for test class [org.jayhenri.ecommerce.controller.inventory.InventoryControllerWebMvcTest], using SpringBootContextLoader
21:40:24.066 [Test worker] DEBUG org.springframework.test.context.support.AbstractContextLoader - Did not detect default resource location for test class [org.jayhenri.ecommerce.controller.inventory.InventoryControllerWebMvcTest]: class path resource [org/jayhenri/ecommerce/controller/inventory/InventoryControllerWebMvcTest-context.xml] does not exist
21:40:24.067 [Test worker] DEBUG org.springframework.test.context.support.AbstractContextLoader - Did not detect default resource location for test class [org.jayhenri.ecommerce.controller.inventory.InventoryControllerWebMvcTest]: class path resource [org/jayhenri/ecommerce/controller/inventory/InventoryControllerWebMvcTestContext.groovy] does not exist
21:40:24.067 [Test worker] INFO org.springframework.test.context.support.AbstractContextLoader - Could not detect default resource locations for test class [org.jayhenri.ecommerce.controller.inventory.InventoryControllerWebMvcTest]: no resource found for suffixes {-context.xml, Context.groovy}.
21:40:24.068 [Test worker] INFO org.springframework.test.context.support.AnnotationConfigContextLoaderUtils - Could not detect default configuration classes for test class [org.jayhenri.ecommerce.controller.inventory.InventoryControllerWebMvcTest]: InventoryControllerWebMvcTest does not declare any static, non-private, non-final, nested classes annotated with @Configuration.
21:40:24.140 [Test worker] DEBUG org.springframework.test.context.support.ActiveProfilesUtils - Could not find an 'annotation declaring class' for annotation type [org.springframework.test.context.ActiveProfiles] and class [org.jayhenri.ecommerce.controller.inventory.InventoryControllerWebMvcTest]
21:40:24.207 [Test worker] DEBUG org.springframework.context.annotation.ClassPathScanningCandidateComponentProvider - Identified candidate component class: file [/home/joshua/Documents/ecommerce-backend/build/classes/java/main/org/jayhenri/ecommerce/EcommerceApplication.class]
21:40:24.208 [Test worker] INFO org.springframework.boot.test.context.SpringBootTestContextBootstrapper - Found @SpringBootConfiguration org.jayhenri.ecommerce.EcommerceApplication for test class org.jayhenri.ecommerce.controller.inventory.InventoryControllerWebMvcTest
21:40:24.211 [Test worker] DEBUG org.springframework.boot.test.autoconfigure.web.servlet.WebMvcTestContextBootstrapper - @TestExecutionListeners is not present for class [org.jayhenri.ecommerce.controller.inventory.InventoryControllerWebMvcTest]: using defaults.
21:40:24.211 [Test worker] INFO org.springframework.boot.test.autoconfigure.web.servlet.WebMvcTestContextBootstrapper - Loaded default TestExecutionListener class names from location [META-INF/spring.factories]: [org.springframework.security.test.context.support.WithSecurityContextTestExecutionListener, org.springframework.security.test.context.support.ReactorContextTestExecutionListener, org.springframework.boot.test.autoconfigure.restdocs.RestDocsTestExecutionListener, org.springframework.boot.test.autoconfigure.web.client.MockRestServiceServerResetTestExecutionListener, org.springframework.boot.test.autoconfigure.web.servlet.MockMvcPrintOnlyOnFailureTestExecutionListener, org.springframework.boot.test.autoconfigure.web.servlet.WebDriverTestExecutionListener, org.springframework.boot.test.autoconfigure.webservices.client.MockWebServiceServerTestExecutionListener, org.springframework.boot.test.mock.mockito.MockitoTestExecutionListener, org.springframework.boot.test.mock.mockito.ResetMocksTestExecutionListener, org.springframework.test.context.web.ServletTestExecutionListener, org.springframework.test.context.support.DirtiesContextBeforeModesTestExecutionListener, org.springframework.test.context.event.ApplicationEventsTestExecutionListener, org.springframework.test.context.support.DependencyInjectionTestExecutionListener, org.springframework.test.context.support.DirtiesContextTestExecutionListener, org.springframework.test.context.transaction.TransactionalTestExecutionListener, org.springframework.test.context.jdbc.SqlScriptsTestExecutionListener, org.springframework.test.context.event.EventPublishingTestExecutionListener]
21:40:24.248 [Test worker] INFO org.springframework.boot.test.autoconfigure.web.servlet.WebMvcTestContextBootstrapper - Using TestExecutionListeners: [org.springframework.test.context.web.ServletTestExecutionListener@a50e6e9, org.springframework.test.context.support.DirtiesContextBeforeModesTestExecutionListener@57ab5316, org.springframework.test.context.event.ApplicationEventsTestExecutionListener@7b873675, org.springframework.boot.test.mock.mockito.MockitoTestExecutionListener@4abccbb9, org.springframework.boot.test.autoconfigure.SpringBootDependencyInjectionTestExecutionListener@47560ba9, org.springframework.test.context.support.DirtiesContextTestExecutionListener@4a68c3b6, org.springframework.test.context.transaction.TransactionalTestExecutionListener@81e7010, org.springframework.test.context.jdbc.SqlScriptsTestExecutionListener@245383a9, org.springframework.security.test.context.support.WithSecurityContextTestExecutionListener@532fcfc9, org.springframework.test.context.event.EventPublishingTestExecutionListener@5fd6c369, org.springframework.security.test.context.support.ReactorContextTestExecutionListener@2433b673, org.springframework.boot.test.autoconfigure.restdocs.RestDocsTestExecutionListener@1cc52797, org.springframework.boot.test.autoconfigure.web.client.MockRestServiceServerResetTestExecutionListener@31b9f241, org.springframework.boot.test.autoconfigure.web.servlet.MockMvcPrintOnlyOnFailureTestExecutionListener@581db294, org.springframework.boot.test.autoconfigure.web.servlet.WebDriverTestExecutionListener@61a417ca, org.springframework.boot.test.autoconfigure.webservices.client.MockWebServiceServerTestExecutionListener@54687df6, org.springframework.boot.test.mock.mockito.ResetMocksTestExecutionListener@2abda6c0]
21:40:24.253 [Test worker] DEBUG org.springframework.test.context.support.AbstractDirtiesContextTestExecutionListener - Before test class: context [DefaultTestContext@3e1f09df testClass = InventoryControllerWebMvcTest, testInstance = [null], testMethod = [null], testException = [null], mergedContextConfiguration = [WebMergedContextConfiguration@30990160 testClass = InventoryControllerWebMvcTest, locations = '{}', classes = '{class org.jayhenri.ecommerce.EcommerceApplication}', contextInitializerClasses = '[]', activeProfiles = '{}', propertySourceLocations = '{}', propertySourceProperties = '{org.springframework.boot.test.autoconfigure.web.servlet.WebMvcTestContextBootstrapper=true}', contextCustomizers = set[org.springframework.boot.test.autoconfigure.OverrideAutoConfigurationContextCustomizerFactory$DisableAutoConfigurationContextCustomizer@14b3de, org.springframework.boot.test.autoconfigure.actuate.metrics.MetricsExportContextCustomizerFactory$DisableMetricExportContextCustomizer@2ef3e234, org.springframework.boot.test.autoconfigure.filter.TypeExcludeFiltersContextCustomizer@e3e7131c, org.springframework.boot.test.autoconfigure.properties.PropertyMappingContextCustomizer@edcd7fdb, org.springframework.boot.test.autoconfigure.web.servlet.WebDriverContextCustomizerFactory$Customizer@740fdb1f, [ImportsContextCustomizer@1e03ff51 key = [org.springframework.boot.autoconfigure.cache.CacheAutoConfiguration, org.springframework.boot.autoconfigure.context.MessageSourceAutoConfiguration, org.springframework.boot.autoconfigure.data.web.SpringDataWebAutoConfiguration, org.springframework.boot.autoconfigure.freemarker.FreeMarkerAutoConfiguration, org.springframework.boot.autoconfigure.groovy.template.GroovyTemplateAutoConfiguration, org.springframework.boot.autoconfigure.gson.GsonAutoConfiguration, org.springframework.boot.autoconfigure.hateoas.HypermediaAutoConfiguration, org.springframework.boot.autoconfigure.http.HttpMessageConvertersAutoConfiguration, org.springframework.boot.autoconfigure.jackson.JacksonAutoConfiguration, org.springframework.boot.autoconfigure.jsonb.JsonbAutoConfiguration, org.springframework.boot.autoconfigure.mustache.MustacheAutoConfiguration, org.springframework.boot.autoconfigure.task.TaskExecutionAutoConfiguration, org.springframework.boot.autoconfigure.thymeleaf.ThymeleafAutoConfiguration, org.springframework.boot.autoconfigure.validation.ValidationAutoConfiguration, org.springframework.boot.autoconfigure.web.servlet.error.ErrorMvcAutoConfiguration, org.springframework.boot.autoconfigure.web.servlet.HttpEncodingAutoConfiguration, org.springframework.boot.autoconfigure.web.servlet.WebMvcAutoConfiguration, org.springframework.boot.test.autoconfigure.web.servlet.MockMvcAutoConfiguration, org.springframework.boot.test.autoconfigure.web.servlet.MockMvcWebClientAutoConfiguration, org.springframework.boot.test.autoconfigure.web.servlet.MockMvcWebDriverAutoConfiguration, org.springframework.boot.autoconfigure.security.oauth2.client.servlet.OAuth2ClientAutoConfiguration, org.springframework.boot.autoconfigure.security.oauth2.resource.servlet.OAuth2ResourceServerAutoConfiguration, org.springframework.boot.autoconfigure.security.servlet.SecurityAutoConfiguration, org.springframework.boot.autoconfigure.security.servlet.SecurityFilterAutoConfiguration, org.springframework.boot.autoconfigure.security.servlet.UserDetailsServiceAutoConfiguration, org.springframework.boot.test.autoconfigure.web.servlet.MockMvcSecurityConfiguration]], org.springframework.boot.test.context.filter.ExcludeFilterContextCustomizer@213a2e80, org.springframework.boot.test.json.DuplicateJsonObjectContextCustomizerFactory$DuplicateJsonObjectContextCustomizer@351d4ea1, org.springframework.boot.test.mock.mockito.MockitoContextCustomizer@a88eda9e, org.springframework.boot.test.context.SpringBootTestArgs@1, org.springframework.boot.test.context.SpringBootTestWebEnvironment@0], resourceBasePath = 'src/main/webapp', contextLoader = 'org.springframework.boot.test.context.SpringBootContextLoader', parent = [null]], attributes = map[[empty]]], class annotated with @DirtiesContext [false] with mode [null].
21:40:24.315 [Test worker] DEBUG org.springframework.test.context.support.TestPropertySourceUtils - Adding inlined properties to environment: {spring.jmx.enabled=false, org.springframework.boot.test.autoconfigure.web.servlet.WebMvcTestContextBootstrapper=true}

  .   ____          _            __ _ _
 /\\ / ___'_ __ _ _(_)_ __  __ _ \ \ \ \
( ( )\___ | '_ | '_| | '_ \/ _` | \ \ \ \
 \\/  ___)| |_)| | | | | || (_| |  ) ) ) )
  '  |____| .__|_| |_|_| |_\__, | / / / /
 =========|_|==============|___/=/_/_/_/
 :: Spring Boot ::                (v2.5.2)

2021-07-27 21:40:24.630  INFO 20351 --- [    Test worker] o.j.e.c.i.InventoryControllerWebMvcTest  : Starting InventoryControllerWebMvcTest using Java 11.0.11 on kde-neon with PID 20351 (started by joshua in /home/joshua/Documents/ecommerce-backend)
2021-07-27 21:40:24.634  INFO 20351 --- [    Test worker] o.j.e.c.i.InventoryControllerWebMvcTest  : No active profile set, falling back to default profiles: default
2021-07-27 21:40:26.216  INFO 20351 --- [    Test worker] o.s.b.t.m.w.SpringBootMockServletContext : Initializing Spring TestDispatcherServlet ''
2021-07-27 21:40:26.216  INFO 20351 --- [    Test worker] o.s.t.web.servlet.TestDispatcherServlet  : Initializing Servlet ''
2021-07-27 21:40:26.218  INFO 20351 --- [    Test worker] o.s.t.web.servlet.TestDispatcherServlet  : Completed initialization in 2 ms
2021-07-27 21:40:26.239  INFO 20351 --- [    Test worker] o.j.e.c.i.InventoryControllerWebMvcTest  : Started InventoryControllerWebMvcTest in 1.914 seconds (JVM running for 2.947)
2021-07-27 21:40:26.484  WARN 20351 --- [    Test worker] .w.s.m.s.DefaultHandlerExceptionResolver : Resolved [org.springframework.http.converter.HttpMessageNotReadableException: Required request body is missing: public org.springframework.http.ResponseEntity<java.lang.String> org.jayhenri.ecommerce.controller.InventoryController.updateItem(org.jayhenri.ecommerce.model.Inventory) throws org.jayhenri.ecommerce.exception.InvalidItemException,org.jayhenri.ecommerce.exception.ItemNotFoundException]
]]></system-out>
  <system-err><![CDATA[]]></system-err>
</testsuite>
