<?xml version="1.0" encoding="UTF-8"?>
<testsuite name="org.jayhenri.ecommerce.controller.inventory.InventoryControllerWebMvcTest" tests="12" skipped="0" failures="0" errors="0" timestamp="2021-08-03T16:55:52" hostname="kde-neon" time="0.302">
  <properties/>
  <testcase name="getByProductNameThrowsItemNotFoundException()" classname="org.jayhenri.ecommerce.controller.inventory.InventoryControllerWebMvcTest" time="0.091"/>
  <testcase name="getByProductName()" classname="org.jayhenri.ecommerce.controller.inventory.InventoryControllerWebMvcTest" time="0.072"/>
  <testcase name="updateItemThrowsInvalidItemException()" classname="org.jayhenri.ecommerce.controller.inventory.InventoryControllerWebMvcTest" time="0.042"/>
  <testcase name="findAll()" classname="org.jayhenri.ecommerce.controller.inventory.InventoryControllerWebMvcTest" time="0.006"/>
  <testcase name="updateItem()" classname="org.jayhenri.ecommerce.controller.inventory.InventoryControllerWebMvcTest" time="0.015"/>
  <testcase name="updateItemThrowsItemNotFoundException()" classname="org.jayhenri.ecommerce.controller.inventory.InventoryControllerWebMvcTest" time="0.008"/>
  <testcase name="removeItemToInventory()" classname="org.jayhenri.ecommerce.controller.inventory.InventoryControllerWebMvcTest" time="0.008"/>
  <testcase name="addItemToInventoryThrowsInvalidItemException()" classname="org.jayhenri.ecommerce.controller.inventory.InventoryControllerWebMvcTest" time="0.005"/>
  <testcase name="addItemToInventoryThrowsItemAlreadyExistsException()" classname="org.jayhenri.ecommerce.controller.inventory.InventoryControllerWebMvcTest" time="0.009"/>
  <testcase name="addItemToInventory()" classname="org.jayhenri.ecommerce.controller.inventory.InventoryControllerWebMvcTest" time="0.011"/>
  <testcase name="removeItemToInventoryThrowsInvalidItemException()" classname="org.jayhenri.ecommerce.controller.inventory.InventoryControllerWebMvcTest" time="0.009"/>
  <testcase name="removeItemToInventoryThrowsItemNotFoundException()" classname="org.jayhenri.ecommerce.controller.inventory.InventoryControllerWebMvcTest" time="0.007"/>
  <system-out><![CDATA[12:55:50.780 [Test worker] DEBUG org.springframework.test.context.BootstrapUtils - Instantiating CacheAwareContextLoaderDelegate from class [org.springframework.test.context.cache.DefaultCacheAwareContextLoaderDelegate]
12:55:50.789 [Test worker] DEBUG org.springframework.test.context.BootstrapUtils - Instantiating BootstrapContext using constructor [public org.springframework.test.context.support.DefaultBootstrapContext(java.lang.Class,org.springframework.test.context.CacheAwareContextLoaderDelegate)]
12:55:50.820 [Test worker] DEBUG org.springframework.test.context.BootstrapUtils - Instantiating TestContextBootstrapper for test class [org.jayhenri.ecommerce.controller.inventory.InventoryControllerWebMvcTest] from class [org.springframework.boot.test.autoconfigure.web.servlet.WebMvcTestContextBootstrapper]
12:55:50.828 [Test worker] INFO org.springframework.boot.test.autoconfigure.web.servlet.WebMvcTestContextBootstrapper - Neither @ContextConfiguration nor @ContextHierarchy found for test class [org.jayhenri.ecommerce.controller.inventory.InventoryControllerWebMvcTest], using SpringBootContextLoader
12:55:50.831 [Test worker] DEBUG org.springframework.test.context.support.AbstractContextLoader - Did not detect default resource location for test class [org.jayhenri.ecommerce.controller.inventory.InventoryControllerWebMvcTest]: class path resource [org/jayhenri/ecommerce/controller/inventory/InventoryControllerWebMvcTest-context.xml] does not exist
12:55:50.832 [Test worker] DEBUG org.springframework.test.context.support.AbstractContextLoader - Did not detect default resource location for test class [org.jayhenri.ecommerce.controller.inventory.InventoryControllerWebMvcTest]: class path resource [org/jayhenri/ecommerce/controller/inventory/InventoryControllerWebMvcTestContext.groovy] does not exist
12:55:50.832 [Test worker] INFO org.springframework.test.context.support.AbstractContextLoader - Could not detect default resource locations for test class [org.jayhenri.ecommerce.controller.inventory.InventoryControllerWebMvcTest]: no resource found for suffixes {-context.xml, Context.groovy}.
12:55:50.833 [Test worker] INFO org.springframework.test.context.support.AnnotationConfigContextLoaderUtils - Could not detect default configuration classes for test class [org.jayhenri.ecommerce.controller.inventory.InventoryControllerWebMvcTest]: InventoryControllerWebMvcTest does not declare any static, non-private, non-final, nested classes annotated with @Configuration.
12:55:50.888 [Test worker] DEBUG org.springframework.test.context.support.ActiveProfilesUtils - Could not find an 'annotation declaring class' for annotation type [org.springframework.test.context.ActiveProfiles] and class [org.jayhenri.ecommerce.controller.inventory.InventoryControllerWebMvcTest]
12:55:50.934 [Test worker] DEBUG org.springframework.context.annotation.ClassPathScanningCandidateComponentProvider - Identified candidate component class: file [/home/joshua/Documents/ecommerce-backend/build/classes/java/main/org/jayhenri/ecommerce/EcommerceApplication.class]
12:55:50.934 [Test worker] INFO org.springframework.boot.test.context.SpringBootTestContextBootstrapper - Found @SpringBootConfiguration org.jayhenri.ecommerce.EcommerceApplication for test class org.jayhenri.ecommerce.controller.inventory.InventoryControllerWebMvcTest
12:55:50.937 [Test worker] DEBUG org.springframework.boot.test.autoconfigure.web.servlet.WebMvcTestContextBootstrapper - @TestExecutionListeners is not present for class [org.jayhenri.ecommerce.controller.inventory.InventoryControllerWebMvcTest]: using defaults.
12:55:50.937 [Test worker] INFO org.springframework.boot.test.autoconfigure.web.servlet.WebMvcTestContextBootstrapper - Loaded default TestExecutionListener class names from location [META-INF/spring.factories]: [org.springframework.security.test.context.support.WithSecurityContextTestExecutionListener, org.springframework.security.test.context.support.ReactorContextTestExecutionListener, org.springframework.boot.test.autoconfigure.restdocs.RestDocsTestExecutionListener, org.springframework.boot.test.autoconfigure.web.client.MockRestServiceServerResetTestExecutionListener, org.springframework.boot.test.autoconfigure.web.servlet.MockMvcPrintOnlyOnFailureTestExecutionListener, org.springframework.boot.test.autoconfigure.web.servlet.WebDriverTestExecutionListener, org.springframework.boot.test.autoconfigure.webservices.client.MockWebServiceServerTestExecutionListener, org.springframework.boot.test.mock.mockito.MockitoTestExecutionListener, org.springframework.boot.test.mock.mockito.ResetMocksTestExecutionListener, org.springframework.test.context.web.ServletTestExecutionListener, org.springframework.test.context.support.DirtiesContextBeforeModesTestExecutionListener, org.springframework.test.context.event.ApplicationEventsTestExecutionListener, org.springframework.test.context.support.DependencyInjectionTestExecutionListener, org.springframework.test.context.support.DirtiesContextTestExecutionListener, org.springframework.test.context.transaction.TransactionalTestExecutionListener, org.springframework.test.context.jdbc.SqlScriptsTestExecutionListener, org.springframework.test.context.event.EventPublishingTestExecutionListener]
12:55:50.953 [Test worker] INFO org.springframework.boot.test.autoconfigure.web.servlet.WebMvcTestContextBootstrapper - Using TestExecutionListeners: [org.springframework.test.context.web.ServletTestExecutionListener@37b6a23c, org.springframework.test.context.support.DirtiesContextBeforeModesTestExecutionListener@5b7b7a9b, org.springframework.test.context.event.ApplicationEventsTestExecutionListener@234912ad, org.springframework.boot.test.mock.mockito.MockitoTestExecutionListener@3ca2bd84, org.springframework.boot.test.autoconfigure.SpringBootDependencyInjectionTestExecutionListener@3e874f6e, org.springframework.test.context.support.DirtiesContextTestExecutionListener@3e284587, org.springframework.test.context.transaction.TransactionalTestExecutionListener@559fe495, org.springframework.test.context.jdbc.SqlScriptsTestExecutionListener@7c783d3f, org.springframework.security.test.context.support.WithSecurityContextTestExecutionListener@7880e1e1, org.springframework.test.context.event.EventPublishingTestExecutionListener@4f8870b, org.springframework.security.test.context.support.ReactorContextTestExecutionListener@2ee9604d, org.springframework.boot.test.autoconfigure.restdocs.RestDocsTestExecutionListener@1345316a, org.springframework.boot.test.autoconfigure.web.client.MockRestServiceServerResetTestExecutionListener@6c35550a, org.springframework.boot.test.autoconfigure.web.servlet.MockMvcPrintOnlyOnFailureTestExecutionListener@2cb55758, org.springframework.boot.test.autoconfigure.web.servlet.WebDriverTestExecutionListener@493ba18b, org.springframework.boot.test.autoconfigure.webservices.client.MockWebServiceServerTestExecutionListener@73cf17a7, org.springframework.boot.test.mock.mockito.ResetMocksTestExecutionListener@351491d1]
12:55:50.956 [Test worker] DEBUG org.springframework.test.context.support.AbstractDirtiesContextTestExecutionListener - Before test class: context [DefaultTestContext@7de5b2a4 testClass = InventoryControllerWebMvcTest, testInstance = [null], testMethod = [null], testException = [null], mergedContextConfiguration = [WebMergedContextConfiguration@1769d197 testClass = InventoryControllerWebMvcTest, locations = '{}', classes = '{class org.jayhenri.ecommerce.EcommerceApplication}', contextInitializerClasses = '[]', activeProfiles = '{}', propertySourceLocations = '{}', propertySourceProperties = '{org.springframework.boot.test.autoconfigure.web.servlet.WebMvcTestContextBootstrapper=true}', contextCustomizers = set[org.springframework.boot.test.autoconfigure.OverrideAutoConfigurationContextCustomizerFactory$DisableAutoConfigurationContextCustomizer@51915a83, org.springframework.boot.test.autoconfigure.actuate.metrics.MetricsExportContextCustomizerFactory$DisableMetricExportContextCustomizer@48f53d5b, org.springframework.boot.test.autoconfigure.filter.TypeExcludeFiltersContextCustomizer@e6f52c5a, org.springframework.boot.test.autoconfigure.properties.PropertyMappingContextCustomizer@13d9df3d, org.springframework.boot.test.autoconfigure.web.servlet.WebDriverContextCustomizerFactory$Customizer@27ebdf5e, [ImportsContextCustomizer@228d02d key = [org.springframework.boot.autoconfigure.cache.CacheAutoConfiguration, org.springframework.boot.autoconfigure.context.MessageSourceAutoConfiguration, org.springframework.boot.autoconfigure.data.web.SpringDataWebAutoConfiguration, org.springframework.boot.autoconfigure.freemarker.FreeMarkerAutoConfiguration, org.springframework.boot.autoconfigure.groovy.template.GroovyTemplateAutoConfiguration, org.springframework.boot.autoconfigure.gson.GsonAutoConfiguration, org.springframework.boot.autoconfigure.hateoas.HypermediaAutoConfiguration, org.springframework.boot.autoconfigure.http.HttpMessageConvertersAutoConfiguration, org.springframework.boot.autoconfigure.jackson.JacksonAutoConfiguration, org.springframework.boot.autoconfigure.jsonb.JsonbAutoConfiguration, org.springframework.boot.autoconfigure.mustache.MustacheAutoConfiguration, org.springframework.boot.autoconfigure.task.TaskExecutionAutoConfiguration, org.springframework.boot.autoconfigure.thymeleaf.ThymeleafAutoConfiguration, org.springframework.boot.autoconfigure.validation.ValidationAutoConfiguration, org.springframework.boot.autoconfigure.web.servlet.error.ErrorMvcAutoConfiguration, org.springframework.boot.autoconfigure.web.servlet.HttpEncodingAutoConfiguration, org.springframework.boot.autoconfigure.web.servlet.WebMvcAutoConfiguration, org.springframework.boot.test.autoconfigure.web.servlet.MockMvcAutoConfiguration, org.springframework.boot.test.autoconfigure.web.servlet.MockMvcWebClientAutoConfiguration, org.springframework.boot.test.autoconfigure.web.servlet.MockMvcWebDriverAutoConfiguration, org.springframework.boot.autoconfigure.security.oauth2.client.servlet.OAuth2ClientAutoConfiguration, org.springframework.boot.autoconfigure.security.oauth2.resource.servlet.OAuth2ResourceServerAutoConfiguration, org.springframework.boot.autoconfigure.security.servlet.SecurityAutoConfiguration, org.springframework.boot.autoconfigure.security.servlet.SecurityFilterAutoConfiguration, org.springframework.boot.autoconfigure.security.servlet.UserDetailsServiceAutoConfiguration, org.springframework.boot.test.autoconfigure.web.servlet.MockMvcSecurityConfiguration]], org.springframework.boot.test.context.filter.ExcludeFilterContextCustomizer@3e3b2615, org.springframework.boot.test.json.DuplicateJsonObjectContextCustomizerFactory$DuplicateJsonObjectContextCustomizer@35cb79a1, org.springframework.boot.test.mock.mockito.MockitoContextCustomizer@bae70955, org.springframework.boot.test.context.SpringBootTestArgs@1, org.springframework.boot.test.context.SpringBootTestWebEnvironment@0], resourceBasePath = 'src/main/webapp', contextLoader = 'org.springframework.boot.test.context.SpringBootContextLoader', parent = [null]], attributes = map[[empty]]], class annotated with @DirtiesContext [false] with mode [null].
12:55:50.994 [Test worker] DEBUG org.springframework.test.context.support.TestPropertySourceUtils - Adding inlined properties to environment: {spring.jmx.enabled=false, org.springframework.boot.test.autoconfigure.web.servlet.WebMvcTestContextBootstrapper=true}

  .   ____          _            __ _ _
 /\\ / ___'_ __ _ _(_)_ __  __ _ \ \ \ \
( ( )\___ | '_ | '_| | '_ \/ _` | \ \ \ \
 \\/  ___)| |_)| | | | | || (_| |  ) ) ) )
  '  |____| .__|_| |_|_| |_\__, | / / / /
 =========|_|==============|___/=/_/_/_/
 :: Spring Boot ::                (v2.5.2)

2021-08-03 12:55:51.236  INFO 23813 --- [    Test worker] o.j.e.c.i.InventoryControllerWebMvcTest  : Starting InventoryControllerWebMvcTest using Java 16.0.1 on kde-neon with PID 23813 (started by joshua in /home/joshua/Documents/ecommerce-backend)
2021-08-03 12:55:51.240  INFO 23813 --- [    Test worker] o.j.e.c.i.InventoryControllerWebMvcTest  : No active profile set, falling back to default profiles: default
2021-08-03 12:55:52.702  INFO 23813 --- [    Test worker] o.s.b.t.m.w.SpringBootMockServletContext : Initializing Spring TestDispatcherServlet ''
2021-08-03 12:55:52.702  INFO 23813 --- [    Test worker] o.s.t.web.servlet.TestDispatcherServlet  : Initializing Servlet ''
2021-08-03 12:55:52.704  INFO 23813 --- [    Test worker] o.s.t.web.servlet.TestDispatcherServlet  : Completed initialization in 2 ms
2021-08-03 12:55:52.728  INFO 23813 --- [    Test worker] o.j.e.c.i.InventoryControllerWebMvcTest  : Started InventoryControllerWebMvcTest in 1.728 seconds (JVM running for 2.62)
2021-08-03 12:55:52.940  WARN 23813 --- [    Test worker] .w.s.m.s.DefaultHandlerExceptionResolver : Resolved [org.springframework.http.converter.HttpMessageNotReadableException: Required request body is missing: public org.springframework.http.ResponseEntity<java.lang.String> org.jayhenri.ecommerce.controller.InventoryController.updateItem(org.jayhenri.ecommerce.model.Inventory) throws org.jayhenri.ecommerce.exception.InvalidItemException,org.jayhenri.ecommerce.exception.ItemNotFoundException]
2021-08-03 12:55:52.989  WARN 23813 --- [    Test worker] .w.s.m.s.DefaultHandlerExceptionResolver : Resolved [org.springframework.http.converter.HttpMessageNotReadableException: Required request body is missing: public org.springframework.http.ResponseEntity<java.lang.String> org.jayhenri.ecommerce.controller.InventoryController.addItem(org.jayhenri.ecommerce.model.Inventory) throws org.jayhenri.ecommerce.exception.ItemAlreadyExistsException,org.jayhenri.ecommerce.exception.InvalidItemException]
]]></system-out>
  <system-err><![CDATA[]]></system-err>
</testsuite>
